Using pre-set license
Built from '2020.3/staging' branch; Version is '2020.3.25f1 (9b9180224418) revision 10195328'; Using compiler version '192528614'; Build Type 'Release'
OS: 'Windows 10  (10.0.19041) 64bit Professional' Language: 'ru' Physical Memory: 8080 MB
BatchMode: 1, IsHumanControllingUs: 0, StartBugReporterOnCrash: 0, Is64bit: 1, IsPro: 0

COMMAND LINE ARGUMENTS:
C:\Program Files\Unity\Hub\Editor\2020.3.25f1\Editor\Unity.exe
-adb2
-batchMode
-noUpm
-name
AssetImportWorker0
-projectPath
C:/Users/Natalja/Desktop/LastBastion
-logFile
Logs/AssetImportWorker0.log
-srvPort
59870
Successfully changed project path to: C:/Users/Natalja/Desktop/LastBastion
C:/Users/Natalja/Desktop/LastBastion
Using Asset Import Pipeline V2.
Refreshing native plugins compatible for Editor in 223.91 ms, found 3 plugins.
Preloading 0 native plugins for Editor in 0.00 ms.
Initialize engine version: 2020.3.25f1 (9b9180224418)
[Subsystems] Discovering subsystems at path C:/Program Files/Unity/Hub/Editor/2020.3.25f1/Editor/Data/Resources/UnitySubsystems
[Subsystems] Discovering subsystems at path C:/Users/Natalja/Desktop/LastBastion/Assets
GfxDevice: creating device client; threaded=0
Direct3D:
    Version:  Direct3D 11.0 [level 11.1]
    Renderer: Intel(R) HD Graphics 5500 (ID=0x1616)
    Vendor:   
    VRAM:     4040 MB
    Driver:   20.19.15.4835
Initialize mono
Mono path[0] = 'C:/Program Files/Unity/Hub/Editor/2020.3.25f1/Editor/Data/Managed'
Mono path[1] = 'C:/Program Files/Unity/Hub/Editor/2020.3.25f1/Editor/Data/MonoBleedingEdge/lib/mono/unityjit'
Mono config path = 'C:/Program Files/Unity/Hub/Editor/2020.3.25f1/Editor/Data/MonoBleedingEdge/etc'
Using monoOptions --debugger-agent=transport=dt_socket,embedding=1,server=y,suspend=n,address=127.0.0.1:56636
Begin MonoManager ReloadAssembly
Registering precompiled unity dll's ...
Register platform support module: C:/Program Files/Unity/Hub/Editor/2020.3.25f1/Editor/Data/PlaybackEngines/WindowsStandaloneSupport/UnityEditor.WindowsStandalone.Extensions.dll
Registered in 0.002692 seconds.
Native extension for WindowsStandalone target not found
Refreshing native plugins compatible for Editor in 124.30 ms, found 3 plugins.
Preloading 0 native plugins for Editor in 0.00 ms.
Mono: successfully reloaded assembly
- Completed reload, in  1.443 seconds
Domain Reload Profiling:
	ReloadAssembly (1443ms)
		BeginReloadAssembly (105ms)
			ExecutionOrderSort (0ms)
			DisableScriptedObjects (0ms)
			BackupInstance (0ms)
			ReleaseScriptingObjects (0ms)
			CreateAndSetChildDomain (1ms)
		EndReloadAssembly (1186ms)
			LoadAssemblies (101ms)
			RebuildTransferFunctionScriptingTraits (0ms)
			SetupTypeCache (289ms)
			ReleaseScriptCaches (0ms)
			RebuildScriptCaches (57ms)
			SetupLoadedEditorAssemblies (427ms)
				LogAssemblyErrors (0ms)
				InitializePlatformSupportModulesInManaged (10ms)
				SetLoadedEditorAssemblies (0ms)
				RefreshPlugins (124ms)
				BeforeProcessingInitializeOnLoad (31ms)
				ProcessInitializeOnLoadAttributes (209ms)
				ProcessInitializeOnLoadMethodAttributes (51ms)
				AfterProcessingInitializeOnLoad (0ms)
				EditorAssembliesLoaded (1ms)
			ExecutionOrderSort2 (0ms)
			AwakeInstancesAfterBackupRestoration (0ms)
Platform modules already initialized, skipping
Registering precompiled user dll's ...
Registered in 0.009338 seconds.
Begin MonoManager ReloadAssembly
Native extension for WindowsStandalone target not found
Refreshing native plugins compatible for Editor in 128.57 ms, found 3 plugins.
Preloading 0 native plugins for Editor in 0.00 ms.
Mono: successfully reloaded assembly
- Completed reload, in  3.198 seconds
Domain Reload Profiling:
	ReloadAssembly (3199ms)
		BeginReloadAssembly (307ms)
			ExecutionOrderSort (0ms)
			DisableScriptedObjects (11ms)
			BackupInstance (0ms)
			ReleaseScriptingObjects (0ms)
			CreateAndSetChildDomain (33ms)
		EndReloadAssembly (2753ms)
			LoadAssemblies (248ms)
			RebuildTransferFunctionScriptingTraits (0ms)
			SetupTypeCache (966ms)
			ReleaseScriptCaches (1ms)
			RebuildScriptCaches (179ms)
			SetupLoadedEditorAssemblies (1003ms)
				LogAssemblyErrors (0ms)
				InitializePlatformSupportModulesInManaged (8ms)
				SetLoadedEditorAssemblies (0ms)
				RefreshPlugins (129ms)
				BeforeProcessingInitializeOnLoad (237ms)
				ProcessInitializeOnLoadAttributes (583ms)
				ProcessInitializeOnLoadMethodAttributes (34ms)
				AfterProcessingInitializeOnLoad (12ms)
				EditorAssembliesLoaded (0ms)
			ExecutionOrderSort2 (0ms)
			AwakeInstancesAfterBackupRestoration (13ms)
Platform modules already initialized, skipping
========================================================================
Worker process is ready to serve import requests
Launched and connected shader compiler UnityShaderCompiler.exe after 0.24 seconds
Refreshing native plugins compatible for Editor in 1.54 ms, found 3 plugins.
Preloading 0 native plugins for Editor in 0.00 ms.
Unloading 3526 Unused Serialized files (Serialized files now loaded: 0)
System memory in use before: 150.8 MB.
System memory in use after: 151.0 MB.

Unloading 29 unused Assets to reduce memory usage. Loaded Objects now: 3959.
Total: 4.721400 ms (FindLiveObjects: 0.403500 ms CreateObjectMapping: 0.203500 ms MarkObjects: 4.073000 ms  DeleteObjects: 0.039700 ms)

AssetImportParameters requested are different than current active one (requested -> active):
  custom:framework-win-MediaFoundation: 216162199b28c13a410421893ffa2e32 -> 
  custom:video-decoder-ogg-theora: a1e56fd34408186e4bbccfd4996cb3dc -> 
  custom:container-muxer-webm: aa71ff27fc2769a1b78a27578f13a17b -> 
  custom:container-demuxer-webm: 4f35f7cbe854078d1ac9338744f61a02 -> 
  custom:container-demuxer-ogg: 62fdf1f143b41e24485cea50d1cbac27 -> 
  custom:video-encoder-webm-vp8: eb34c28f22e8b96e1ab97ce403110664 -> 
  custom:video-decoder-webm-vp8: 9c59270c3fd7afecdb556c50c9e8de78 -> 
  custom:audio-decoder-ogg-vorbis: bf7c407c2cedff20999df2af8eb42d56 -> 
  custom:audio-encoder-webm-vorbis: bf7c407c2cedff20999df2af8eb42d56 -> 
========================================================================
Received Import Request.
  path: Assets/Graphics/bastion_wall_horizontal.png
  artifactKey: Guid(61325962784394d43b6d69655dbd5663) Importer(815301076,1909f56bfc062723c751e8b465ee728b)
Start importing Assets/Graphics/bastion_wall_horizontal.png using Guid(61325962784394d43b6d69655dbd5663) Importer(815301076,1909f56bfc062723c751e8b465ee728b)  -> (artifact id: '2f6ac7ece7828d5fdd164839b93bd8ac') in 0.336371 seconds 
  Import took 0.357550 seconds .

========================================================================
Received Import Request.
  Time since last request: 0.000742 seconds.
  path: Assets/Graphics/bastion_wall_horizontal_emission.png
  artifactKey: Guid(59a4de2c52e8e424b82316d3e3a1c969) Importer(815301076,1909f56bfc062723c751e8b465ee728b)
Start importing Assets/Graphics/bastion_wall_horizontal_emission.png using Guid(59a4de2c52e8e424b82316d3e3a1c969) Importer(815301076,1909f56bfc062723c751e8b465ee728b)  -> (artifact id: '54a69d6d5cbc70650e500fd1893b89ae') in 0.244484 seconds 
  Import took 0.271928 seconds .

========================================================================
Received Import Request.
  Time since last request: 0.000338 seconds.
  path: Assets/Graphics/bastion_wall_vertical.png
  artifactKey: Guid(74e54eaa3d806bc47a4e68ec2dff8c5f) Importer(815301076,1909f56bfc062723c751e8b465ee728b)
Start importing Assets/Graphics/bastion_wall_vertical.png using Guid(74e54eaa3d806bc47a4e68ec2dff8c5f) Importer(815301076,1909f56bfc062723c751e8b465ee728b)  -> (artifact id: '1c477f614603d9701c5933e831e091b3') in 0.093165 seconds 
  Import took 0.112217 seconds .

========================================================================
Received Import Request.
  Time since last request: 83.707091 seconds.
  path: Assets/Graphics/bastion_wall_vertical_emission.png
  artifactKey: Guid(e4f93a2a70545074eadf944c4e4c2052) Importer(815301076,1909f56bfc062723c751e8b465ee728b)
Start importing Assets/Graphics/bastion_wall_vertical_emission.png using Guid(e4f93a2a70545074eadf944c4e4c2052) Importer(815301076,1909f56bfc062723c751e8b465ee728b)  -> (artifact id: '807f3d445ec40f660c79f727daeeac21') in 0.208012 seconds 
  Import took 0.239925 seconds .

========================================================================
Received Import Request.
  Time since last request: 23.884857 seconds.
  path: Assets/Graphics/bastion_wall_vertical.png
  artifactKey: Guid(74e54eaa3d806bc47a4e68ec2dff8c5f) Importer(815301076,1909f56bfc062723c751e8b465ee728b)
Start importing Assets/Graphics/bastion_wall_vertical.png using Guid(74e54eaa3d806bc47a4e68ec2dff8c5f) Importer(815301076,1909f56bfc062723c751e8b465ee728b)  -> (artifact id: '4f36ff1e12c6fe00494d036da7719db4') in 0.073418 seconds 
  Import took 0.095953 seconds .

========================================================================
Received Import Request.
  Time since last request: 11.871249 seconds.
  path: Assets/Graphics/bastion_wall_vertical_emission.png
  artifactKey: Guid(e4f93a2a70545074eadf944c4e4c2052) Importer(815301076,1909f56bfc062723c751e8b465ee728b)
Start importing Assets/Graphics/bastion_wall_vertical_emission.png using Guid(e4f93a2a70545074eadf944c4e4c2052) Importer(815301076,1909f56bfc062723c751e8b465ee728b)  -> (artifact id: 'f9a21d0376eac925b905d0b778828324') in 0.056571 seconds 
  Import took 0.067782 seconds .

========================================================================
Received Import Request.
  Time since last request: 78.507736 seconds.
  path: Assets/Graphics/bastion_wall_vertical.png
  artifactKey: Guid(74e54eaa3d806bc47a4e68ec2dff8c5f) Importer(815301076,1909f56bfc062723c751e8b465ee728b)
Start importing Assets/Graphics/bastion_wall_vertical.png using Guid(74e54eaa3d806bc47a4e68ec2dff8c5f) Importer(815301076,1909f56bfc062723c751e8b465ee728b)  -> (artifact id: '83956dab4ea1900bd58e43a55647750a') in 0.072151 seconds 
  Import took 0.111353 seconds .

========================================================================
Received Import Request.
  Time since last request: 12.395060 seconds.
  path: Assets/Graphics/bastion_wall_vertical.png
  artifactKey: Guid(74e54eaa3d806bc47a4e68ec2dff8c5f) Importer(815301076,1909f56bfc062723c751e8b465ee728b)
Start importing Assets/Graphics/bastion_wall_vertical.png using Guid(74e54eaa3d806bc47a4e68ec2dff8c5f) Importer(815301076,1909f56bfc062723c751e8b465ee728b)  -> (artifact id: 'b5b4642c19dfb2275c018b99da8af6d7') in 0.048831 seconds 
  Import took 0.069829 seconds .

========================================================================
Received Import Request.
  Time since last request: 128.957267 seconds.
  path: Assets/Graphics/bastion_wall_vertical.png
  artifactKey: Guid(74e54eaa3d806bc47a4e68ec2dff8c5f) Importer(815301076,1909f56bfc062723c751e8b465ee728b)
Start importing Assets/Graphics/bastion_wall_vertical.png using Guid(74e54eaa3d806bc47a4e68ec2dff8c5f) Importer(815301076,1909f56bfc062723c751e8b465ee728b)  -> (artifact id: '9c8f20b38def083dd5e0c90ab7bdc5c9') in 0.050246 seconds 
  Import took 0.151634 seconds .

========================================================================
Received Import Request.
  Time since last request: 47.292288 seconds.
  path: Assets/Graphics/bastion_wall_vertical.png
  artifactKey: Guid(74e54eaa3d806bc47a4e68ec2dff8c5f) Importer(815301076,1909f56bfc062723c751e8b465ee728b)
Start importing Assets/Graphics/bastion_wall_vertical.png using Guid(74e54eaa3d806bc47a4e68ec2dff8c5f) Importer(815301076,1909f56bfc062723c751e8b465ee728b)  -> (artifact id: 'e44dcfe928f13fa58efa43bb38fce210') in 0.053111 seconds 
  Import took 0.071909 seconds .

========================================================================
Received Import Request.
  Time since last request: 43.780043 seconds.
  path: Assets/Graphics/bastion_wall_vertical.png
  artifactKey: Guid(74e54eaa3d806bc47a4e68ec2dff8c5f) Importer(815301076,1909f56bfc062723c751e8b465ee728b)
Start importing Assets/Graphics/bastion_wall_vertical.png using Guid(74e54eaa3d806bc47a4e68ec2dff8c5f) Importer(815301076,1909f56bfc062723c751e8b465ee728b)  -> (artifact id: 'a19a8eb06881ef60e516f337ddf8bd88') in 0.149075 seconds 
  Import took 0.164998 seconds .

========================================================================
Received Import Request.
  Time since last request: 13.591905 seconds.
  path: Assets/Graphics/bastion_wall_vertical.png
  artifactKey: Guid(74e54eaa3d806bc47a4e68ec2dff8c5f) Importer(815301076,1909f56bfc062723c751e8b465ee728b)
Start importing Assets/Graphics/bastion_wall_vertical.png using Guid(74e54eaa3d806bc47a4e68ec2dff8c5f) Importer(815301076,1909f56bfc062723c751e8b465ee728b)  -> (artifact id: 'c0f666cb9ca366023b3ac80ea0e378b1') in 0.050554 seconds 
  Import took 0.106506 seconds .

========================================================================
Received Import Request.
  Time since last request: 24.723131 seconds.
  path: Assets/Graphics/bastion_wall_vertical.png
  artifactKey: Guid(74e54eaa3d806bc47a4e68ec2dff8c5f) Importer(815301076,1909f56bfc062723c751e8b465ee728b)
Start importing Assets/Graphics/bastion_wall_vertical.png using Guid(74e54eaa3d806bc47a4e68ec2dff8c5f) Importer(815301076,1909f56bfc062723c751e8b465ee728b)  -> (artifact id: 'd15fc3d22b87f914287395f71b2d115d') in 0.746680 seconds 
  Import took 1.837659 seconds .

========================================================================
Received Import Request.
  Time since last request: 10.359906 seconds.
  path: Assets/Graphics/bastion_wall_vertical.png
  artifactKey: Guid(74e54eaa3d806bc47a4e68ec2dff8c5f) Importer(815301076,1909f56bfc062723c751e8b465ee728b)
Start importing Assets/Graphics/bastion_wall_vertical.png using Guid(74e54eaa3d806bc47a4e68ec2dff8c5f) Importer(815301076,1909f56bfc062723c751e8b465ee728b)  -> (artifact id: '65b9a5099a911a89ea88a3e4feddafc1') in 0.044920 seconds 
  Import took 0.081471 seconds .

========================================================================
Received Import Request.
  Time since last request: 77.772827 seconds.
  path: Assets/Graphics/bastion_wall_vertical_emission.png
  artifactKey: Guid(e4f93a2a70545074eadf944c4e4c2052) Importer(815301076,1909f56bfc062723c751e8b465ee728b)
Start importing Assets/Graphics/bastion_wall_vertical_emission.png using Guid(e4f93a2a70545074eadf944c4e4c2052) Importer(815301076,1909f56bfc062723c751e8b465ee728b)  -> (artifact id: 'e7ad3270019695cf2ee32b2e8d14d8ea') in 0.066367 seconds 
  Import took 0.107320 seconds .

========================================================================
Received Import Request.
  Time since last request: 182.607138 seconds.
  path: Assets/Graphics/bastion_wall_horizontal.png
  artifactKey: Guid(61325962784394d43b6d69655dbd5663) Importer(815301076,1909f56bfc062723c751e8b465ee728b)
Start importing Assets/Graphics/bastion_wall_horizontal.png using Guid(61325962784394d43b6d69655dbd5663) Importer(815301076,1909f56bfc062723c751e8b465ee728b)  -> (artifact id: 'dacdb3dd7832177a9571257fcedba554') in 0.044048 seconds 
  Import took 0.057848 seconds .

========================================================================
Received Import Request.
  Time since last request: 30.110738 seconds.
  path: Assets/Graphics/bastion_wall_horizontal.png
  artifactKey: Guid(61325962784394d43b6d69655dbd5663) Importer(815301076,1909f56bfc062723c751e8b465ee728b)
Start importing Assets/Graphics/bastion_wall_horizontal.png using Guid(61325962784394d43b6d69655dbd5663) Importer(815301076,1909f56bfc062723c751e8b465ee728b)  -> (artifact id: 'ae23341ba0e5b97cede64479ad6158bf') in 0.040680 seconds 
  Import took 0.064675 seconds .

========================================================================
Received Import Request.
  Time since last request: 13.937763 seconds.
  path: Assets/Graphics/bastion_wall_horizontal_emission.png
  artifactKey: Guid(59a4de2c52e8e424b82316d3e3a1c969) Importer(815301076,1909f56bfc062723c751e8b465ee728b)
Start importing Assets/Graphics/bastion_wall_horizontal_emission.png using Guid(59a4de2c52e8e424b82316d3e3a1c969) Importer(815301076,1909f56bfc062723c751e8b465ee728b)  -> (artifact id: '6f590870f23337dd0e535b95db737882') in 0.019778 seconds 
  Import took 0.092558 seconds .

========================================================================
Received Import Request.
  Time since last request: 220.364501 seconds.
  path: Assets/Graphics/bastion_wall_corner.png
  artifactKey: Guid(6a99df3dd8717f4418287a7d5ea9db87) Importer(815301076,1909f56bfc062723c751e8b465ee728b)
Start importing Assets/Graphics/bastion_wall_corner.png using Guid(6a99df3dd8717f4418287a7d5ea9db87) Importer(815301076,1909f56bfc062723c751e8b465ee728b)  -> (artifact id: '54a9fb7e2ba0defcaddbfe952350c0aa') in 0.051644 seconds 
  Import took 0.071017 seconds .

========================================================================
Received Import Request.
  Time since last request: 14.681952 seconds.
  path: Assets/Graphics/bastion_wall_corner.png
  artifactKey: Guid(6a99df3dd8717f4418287a7d5ea9db87) Importer(815301076,1909f56bfc062723c751e8b465ee728b)
Start importing Assets/Graphics/bastion_wall_corner.png using Guid(6a99df3dd8717f4418287a7d5ea9db87) Importer(815301076,1909f56bfc062723c751e8b465ee728b)  -> (artifact id: 'adaa60522ec2443bd6ffe138a4da3b07') in 0.054919 seconds 
  Import took 0.072493 seconds .

========================================================================
Received Import Request.
  Time since last request: 87.201797 seconds.
  path: Assets/Graphics/bastion_wall_corner.png
  artifactKey: Guid(6a99df3dd8717f4418287a7d5ea9db87) Importer(815301076,1909f56bfc062723c751e8b465ee728b)
Start importing Assets/Graphics/bastion_wall_corner.png using Guid(6a99df3dd8717f4418287a7d5ea9db87) Importer(815301076,1909f56bfc062723c751e8b465ee728b)  -> (artifact id: '9cc6a65159dbcb112c68f8efc97b59ab') in 0.062558 seconds 
  Import took 0.085369 seconds .

========================================================================
Received Import Request.
  Time since last request: 103.176966 seconds.
  path: Assets/Scripts
  artifactKey: Guid(4cf325e34f1681244838c994226da33b) Importer(815301076,1909f56bfc062723c751e8b465ee728b)
Start importing Assets/Scripts using Guid(4cf325e34f1681244838c994226da33b) Importer(815301076,1909f56bfc062723c751e8b465ee728b)  -> (artifact id: '76372378047670d386273a982157cdaa') in 0.062223 seconds 
  Import took 0.081421 seconds .

========================================================================
Received Import Request.
  Time since last request: 9.090819 seconds.
  path: Assets/Scripts/Editor
  artifactKey: Guid(a42436f525ec41d47a5a16169e1a51c9) Importer(815301076,1909f56bfc062723c751e8b465ee728b)
Start importing Assets/Scripts/Editor using Guid(a42436f525ec41d47a5a16169e1a51c9) Importer(815301076,1909f56bfc062723c751e8b465ee728b)  -> (artifact id: 'c557a43adde57beffddb36e2eec57c82') in 0.045018 seconds 
  Import took 0.055101 seconds .

========================================================================
Received Import Request.
  Time since last request: 9.413345 seconds.
  path: Assets/Scripts/Editor/PixelGrid.cs
  artifactKey: Guid(f187f569020948843a5096601e07b7e5) Importer(815301076,1909f56bfc062723c751e8b465ee728b)
Start importing Assets/Scripts/Editor/PixelGrid.cs using Guid(f187f569020948843a5096601e07b7e5) Importer(815301076,1909f56bfc062723c751e8b465ee728b)  -> (artifact id: '462f7603a041de7a151f68902a37b912') in 0.098473 seconds 
  Import took 0.200364 seconds .

========================================================================
Received Import Request.
  Time since last request: 7.161637 seconds.
  path: Assets/Scripts/Editor/NewAssembly.asmdef
  artifactKey: Guid(3127752bf6a55de4bbfa0e715faf762b) Importer(815301076,1909f56bfc062723c751e8b465ee728b)
Start importing Assets/Scripts/Editor/NewAssembly.asmdef using Guid(3127752bf6a55de4bbfa0e715faf762b) Importer(815301076,1909f56bfc062723c751e8b465ee728b)  -> (artifact id: '8d6f65921400a84a39397822010e18cf') in 0.922085 seconds 
  Import took 1.036741 seconds .

========================================================================
Received Prepare
Registering precompiled user dll's ...
Registered in 0.013026 seconds.
Begin MonoManager ReloadAssembly
Native extension for WindowsStandalone target not found
Refreshing native plugins compatible for Editor in 1.51 ms, found 3 plugins.
Preloading 0 native plugins for Editor in 0.00 ms.
Mono: successfully reloaded assembly
- Completed reload, in  9.002 seconds
Domain Reload Profiling:
	ReloadAssembly (9003ms)
		BeginReloadAssembly (261ms)
			ExecutionOrderSort (0ms)
			DisableScriptedObjects (12ms)
			BackupInstance (0ms)
			ReleaseScriptingObjects (0ms)
			CreateAndSetChildDomain (117ms)
		EndReloadAssembly (8615ms)
			LoadAssemblies (200ms)
			RebuildTransferFunctionScriptingTraits (0ms)
			SetupTypeCache (1109ms)
			ReleaseScriptCaches (10ms)
			RebuildScriptCaches (185ms)
			SetupLoadedEditorAssemblies (6153ms)
				LogAssemblyErrors (0ms)
				InitializePlatformSupportModulesInManaged (8ms)
				SetLoadedEditorAssemblies (2ms)
				RefreshPlugins (2ms)
				BeforeProcessingInitializeOnLoad (4295ms)
				ProcessInitializeOnLoadAttributes (1801ms)
				ProcessInitializeOnLoadMethodAttributes (27ms)
				AfterProcessingInitializeOnLoad (18ms)
				EditorAssembliesLoaded (0ms)
			ExecutionOrderSort2 (0ms)
			AwakeInstancesAfterBackupRestoration (31ms)
Platform modules already initialized, skipping
Switching build target platform(19) subTarget(0) extendedPlatform(0) -> platform(13) subTarget(537395200) extendedPlatform(0)
Refreshing native plugins compatible for Editor in 2.39 ms, found 3 plugins.
Preloading 0 native plugins for Editor in 0.00 ms.
Unloading 3398 Unused Serialized files (Serialized files now loaded: 0)
System memory in use before: 144.0 MB.
System memory in use after: 144.2 MB.

Unloading 19 unused Assets to reduce memory usage. Loaded Objects now: 3974.
Total: 7.880500 ms (FindLiveObjects: 0.383800 ms CreateObjectMapping: 0.226200 ms MarkObjects: 7.232600 ms  DeleteObjects: 0.035700 ms)

AssetImportParameters requested are different than current active one (requested -> active):
  custom:framework-win-MediaFoundation: 216162199b28c13a410421893ffa2e32 -> 
  custom:video-decoder-ogg-theora: a1e56fd34408186e4bbccfd4996cb3dc -> 
  custom:container-muxer-webm: aa71ff27fc2769a1b78a27578f13a17b -> 
  custom:container-demuxer-webm: 4f35f7cbe854078d1ac9338744f61a02 -> 
  custom:container-demuxer-ogg: 62fdf1f143b41e24485cea50d1cbac27 -> 
  custom:video-encoder-webm-vp8: eb34c28f22e8b96e1ab97ce403110664 -> 
  custom:video-decoder-webm-vp8: 9c59270c3fd7afecdb556c50c9e8de78 -> 
  custom:graphics/normal-map-encoding: 01000000000000000000000000000000 -> 02000000000000000000000000000000
  custom:audio-decoder-ogg-vorbis: bf7c407c2cedff20999df2af8eb42d56 -> 
  custom:audio-encoder-webm-vorbis: bf7c407c2cedff20999df2af8eb42d56 -> 
========================================================================
Received Import Request.
  Time since last request: 22.091152 seconds.
  path: Assets/Scripts/Editor/LastBastion.Editor.asmdef
  artifactKey: Guid(3127752bf6a55de4bbfa0e715faf762b) Importer(815301076,1909f56bfc062723c751e8b465ee728b)
Start importing Assets/Scripts/Editor/LastBastion.Editor.asmdef using Guid(3127752bf6a55de4bbfa0e715faf762b) Importer(815301076,1909f56bfc062723c751e8b465ee728b)  -> (artifact id: 'ab0f9a7e6c9cdac1a626e195ce1a3647') in 0.025561 seconds 
  Import took 0.055210 seconds .

========================================================================
Received Import Request.
  Time since last request: 28.973876 seconds.
  path: Assets/Scripts/Editor/LastBastion.Editor.asmdef
  artifactKey: Guid(3127752bf6a55de4bbfa0e715faf762b) Importer(815301076,1909f56bfc062723c751e8b465ee728b)
Start importing Assets/Scripts/Editor/LastBastion.Editor.asmdef using Guid(3127752bf6a55de4bbfa0e715faf762b) Importer(815301076,1909f56bfc062723c751e8b465ee728b)  -> (artifact id: '5abf74b803c5c5ba225142bd2bee020e') in 0.005139 seconds 
  Import took 0.019187 seconds .

========================================================================
Received Import Request.
  Time since last request: 7.521023 seconds.
  path: Assets/Scripts/Editor/LastBastion.Editor.asmdef
  artifactKey: Guid(3127752bf6a55de4bbfa0e715faf762b) Importer(815301076,1909f56bfc062723c751e8b465ee728b)
Start importing Assets/Scripts/Editor/LastBastion.Editor.asmdef using Guid(3127752bf6a55de4bbfa0e715faf762b) Importer(815301076,1909f56bfc062723c751e8b465ee728b)  -> (artifact id: '3c1edd95f3a92b2647e630643b250a2c') in 0.006031 seconds 
  Import took 6.716802 seconds .

========================================================================
Received Prepare
Registering precompiled user dll's ...
Registered in 0.108627 seconds.
Begin MonoManager ReloadAssembly
Native extension for WindowsStandalone target not found
Refreshing native plugins compatible for Editor in 0.86 ms, found 3 plugins.
Preloading 0 native plugins for Editor in 0.00 ms.
Mono: successfully reloaded assembly
- Completed reload, in  3.325 seconds
Domain Reload Profiling:
	ReloadAssembly (3326ms)
		BeginReloadAssembly (309ms)
			ExecutionOrderSort (0ms)
			DisableScriptedObjects (15ms)
			BackupInstance (0ms)
			ReleaseScriptingObjects (0ms)
			CreateAndSetChildDomain (90ms)
		EndReloadAssembly (2893ms)
			LoadAssemblies (711ms)
			RebuildTransferFunctionScriptingTraits (0ms)
			SetupTypeCache (871ms)
			ReleaseScriptCaches (3ms)
			RebuildScriptCaches (175ms)
			SetupLoadedEditorAssemblies (797ms)
				LogAssemblyErrors (0ms)
				InitializePlatformSupportModulesInManaged (11ms)
				SetLoadedEditorAssemblies (1ms)
				RefreshPlugins (1ms)
				BeforeProcessingInitializeOnLoad (228ms)
				ProcessInitializeOnLoadAttributes (522ms)
				ProcessInitializeOnLoadMethodAttributes (24ms)
				AfterProcessingInitializeOnLoad (10ms)
				EditorAssembliesLoaded (0ms)
			ExecutionOrderSort2 (0ms)
			AwakeInstancesAfterBackupRestoration (26ms)
Platform modules already initialized, skipping
Switching build target platform(19) subTarget(0) extendedPlatform(0) -> platform(13) subTarget(537395200) extendedPlatform(0)
Refreshing native plugins compatible for Editor in 0.86 ms, found 3 plugins.
Preloading 0 native plugins for Editor in 0.00 ms.
Unloading 3398 Unused Serialized files (Serialized files now loaded: 0)
System memory in use before: 144.1 MB.
System memory in use after: 144.3 MB.

Unloading 19 unused Assets to reduce memory usage. Loaded Objects now: 3976.
Total: 5.556900 ms (FindLiveObjects: 0.364600 ms CreateObjectMapping: 0.325200 ms MarkObjects: 4.838600 ms  DeleteObjects: 0.026500 ms)

AssetImportParameters requested are different than current active one (requested -> active):
  custom:framework-win-MediaFoundation: 216162199b28c13a410421893ffa2e32 -> 
  custom:video-decoder-ogg-theora: a1e56fd34408186e4bbccfd4996cb3dc -> 
  custom:container-muxer-webm: aa71ff27fc2769a1b78a27578f13a17b -> 
  custom:container-demuxer-webm: 4f35f7cbe854078d1ac9338744f61a02 -> 
  custom:container-demuxer-ogg: 62fdf1f143b41e24485cea50d1cbac27 -> 
  custom:video-encoder-webm-vp8: eb34c28f22e8b96e1ab97ce403110664 -> 
  custom:video-decoder-webm-vp8: 9c59270c3fd7afecdb556c50c9e8de78 -> 
  custom:graphics/normal-map-encoding: 01000000000000000000000000000000 -> 02000000000000000000000000000000
  custom:audio-decoder-ogg-vorbis: bf7c407c2cedff20999df2af8eb42d56 -> 
  custom:audio-encoder-webm-vorbis: bf7c407c2cedff20999df2af8eb42d56 -> 
========================================================================
Received Import Request.
  Time since last request: 164.844780 seconds.
  path: Assets/Scripts/Editor/LastBastion.Editor.asmdef
  artifactKey: Guid(3127752bf6a55de4bbfa0e715faf762b) Importer(815301076,1909f56bfc062723c751e8b465ee728b)
Start importing Assets/Scripts/Editor/LastBastion.Editor.asmdef using Guid(3127752bf6a55de4bbfa0e715faf762b) Importer(815301076,1909f56bfc062723c751e8b465ee728b)  -> (artifact id: 'fb78052897f53a225518e1b36c1bc1e1') in 0.030393 seconds 
  Import took 0.109143 seconds .

========================================================================
Received Prepare
Registering precompiled user dll's ...
Registered in 0.008475 seconds.
Begin MonoManager ReloadAssembly
Native extension for WindowsStandalone target not found
Refreshing native plugins compatible for Editor in 0.87 ms, found 3 plugins.
Preloading 0 native plugins for Editor in 0.00 ms.
Mono: successfully reloaded assembly
- Completed reload, in  2.158 seconds
Domain Reload Profiling:
	ReloadAssembly (2161ms)
		BeginReloadAssembly (230ms)
			ExecutionOrderSort (0ms)
			DisableScriptedObjects (12ms)
			BackupInstance (0ms)
			ReleaseScriptingObjects (0ms)
			CreateAndSetChildDomain (62ms)
		EndReloadAssembly (1816ms)
			LoadAssemblies (200ms)
			RebuildTransferFunctionScriptingTraits (0ms)
			SetupTypeCache (686ms)
			ReleaseScriptCaches (2ms)
			RebuildScriptCaches (84ms)
			SetupLoadedEditorAssemblies (587ms)
				LogAssemblyErrors (0ms)
				InitializePlatformSupportModulesInManaged (6ms)
				SetLoadedEditorAssemblies (1ms)
				RefreshPlugins (1ms)
				BeforeProcessingInitializeOnLoad (189ms)
				ProcessInitializeOnLoadAttributes (359ms)
				ProcessInitializeOnLoadMethodAttributes (22ms)
				AfterProcessingInitializeOnLoad (9ms)
				EditorAssembliesLoaded (0ms)
			ExecutionOrderSort2 (0ms)
			AwakeInstancesAfterBackupRestoration (24ms)
Platform modules already initialized, skipping
Switching build target platform(19) subTarget(0) extendedPlatform(0) -> platform(13) subTarget(537395200) extendedPlatform(0)
Refreshing native plugins compatible for Editor in 0.86 ms, found 3 plugins.
Preloading 0 native plugins for Editor in 0.00 ms.
Unloading 3398 Unused Serialized files (Serialized files now loaded: 0)
System memory in use before: 144.1 MB.
System memory in use after: 144.3 MB.

Unloading 19 unused Assets to reduce memory usage. Loaded Objects now: 3978.
Total: 6.825600 ms (FindLiveObjects: 0.423400 ms CreateObjectMapping: 0.412700 ms MarkObjects: 5.956000 ms  DeleteObjects: 0.031300 ms)

AssetImportParameters requested are different than current active one (requested -> active):
  custom:framework-win-MediaFoundation: 216162199b28c13a410421893ffa2e32 -> 
  custom:video-decoder-ogg-theora: a1e56fd34408186e4bbccfd4996cb3dc -> 
  custom:container-muxer-webm: aa71ff27fc2769a1b78a27578f13a17b -> 
  custom:container-demuxer-webm: 4f35f7cbe854078d1ac9338744f61a02 -> 
  custom:container-demuxer-ogg: 62fdf1f143b41e24485cea50d1cbac27 -> 
  custom:video-encoder-webm-vp8: eb34c28f22e8b96e1ab97ce403110664 -> 
  custom:video-decoder-webm-vp8: 9c59270c3fd7afecdb556c50c9e8de78 -> 
  custom:graphics/normal-map-encoding: 01000000000000000000000000000000 -> 02000000000000000000000000000000
  custom:audio-decoder-ogg-vorbis: bf7c407c2cedff20999df2af8eb42d56 -> 
  custom:audio-encoder-webm-vorbis: bf7c407c2cedff20999df2af8eb42d56 -> 
========================================================================
Received Prepare
Registering precompiled user dll's ...
Registered in 0.020933 seconds.
Begin MonoManager ReloadAssembly
Native extension for WindowsStandalone target not found
Refreshing native plugins compatible for Editor in 0.88 ms, found 3 plugins.
Preloading 0 native plugins for Editor in 0.00 ms.
Mono: successfully reloaded assembly
- Completed reload, in  2.928 seconds
Domain Reload Profiling:
	ReloadAssembly (2929ms)
		BeginReloadAssembly (328ms)
			ExecutionOrderSort (0ms)
			DisableScriptedObjects (18ms)
			BackupInstance (0ms)
			ReleaseScriptingObjects (0ms)
			CreateAndSetChildDomain (89ms)
		EndReloadAssembly (2270ms)
			LoadAssemblies (279ms)
			RebuildTransferFunctionScriptingTraits (0ms)
			SetupTypeCache (871ms)
			ReleaseScriptCaches (2ms)
			RebuildScriptCaches (116ms)
			SetupLoadedEditorAssemblies (712ms)
				LogAssemblyErrors (0ms)
				InitializePlatformSupportModulesInManaged (7ms)
				SetLoadedEditorAssemblies (1ms)
				RefreshPlugins (1ms)
				BeforeProcessingInitializeOnLoad (216ms)
				ProcessInitializeOnLoadAttributes (455ms)
				ProcessInitializeOnLoadMethodAttributes (22ms)
				AfterProcessingInitializeOnLoad (10ms)
				EditorAssembliesLoaded (0ms)
			ExecutionOrderSort2 (0ms)
			AwakeInstancesAfterBackupRestoration (41ms)
Platform modules already initialized, skipping
Switching build target platform(19) subTarget(0) extendedPlatform(0) -> platform(13) subTarget(537395200) extendedPlatform(0)
Refreshing native plugins compatible for Editor in 0.86 ms, found 3 plugins.
Preloading 0 native plugins for Editor in 0.00 ms.
Unloading 3398 Unused Serialized files (Serialized files now loaded: 0)
System memory in use before: 144.1 MB.
System memory in use after: 144.3 MB.

Unloading 19 unused Assets to reduce memory usage. Loaded Objects now: 3980.
Total: 50.430800 ms (FindLiveObjects: 1.305700 ms CreateObjectMapping: 0.703800 ms MarkObjects: 48.367900 ms  DeleteObjects: 0.049400 ms)

AssetImportParameters requested are different than current active one (requested -> active):
  custom:framework-win-MediaFoundation: 216162199b28c13a410421893ffa2e32 -> 
  custom:video-decoder-ogg-theora: a1e56fd34408186e4bbccfd4996cb3dc -> 
  custom:container-muxer-webm: aa71ff27fc2769a1b78a27578f13a17b -> 
  custom:container-demuxer-webm: 4f35f7cbe854078d1ac9338744f61a02 -> 
  custom:container-demuxer-ogg: 62fdf1f143b41e24485cea50d1cbac27 -> 
  custom:video-encoder-webm-vp8: eb34c28f22e8b96e1ab97ce403110664 -> 
  custom:video-decoder-webm-vp8: 9c59270c3fd7afecdb556c50c9e8de78 -> 
  custom:graphics/normal-map-encoding: 01000000000000000000000000000000 -> 02000000000000000000000000000000
  custom:audio-decoder-ogg-vorbis: bf7c407c2cedff20999df2af8eb42d56 -> 
  custom:audio-encoder-webm-vorbis: bf7c407c2cedff20999df2af8eb42d56 -> 
========================================================================
Received Prepare
Registering precompiled user dll's ...
Registered in 0.022463 seconds.
Begin MonoManager ReloadAssembly
Native extension for WindowsStandalone target not found
Refreshing native plugins compatible for Editor in 0.87 ms, found 3 plugins.
Preloading 0 native plugins for Editor in 0.00 ms.
Mono: successfully reloaded assembly
- Completed reload, in  3.763 seconds
Domain Reload Profiling:
	ReloadAssembly (3763ms)
		BeginReloadAssembly (482ms)
			ExecutionOrderSort (0ms)
			DisableScriptedObjects (20ms)
			BackupInstance (0ms)
			ReleaseScriptingObjects (0ms)
			CreateAndSetChildDomain (218ms)
		EndReloadAssembly (3115ms)
			LoadAssemblies (317ms)
			RebuildTransferFunctionScriptingTraits (0ms)
			SetupTypeCache (1274ms)
			ReleaseScriptCaches (2ms)
			RebuildScriptCaches (152ms)
			SetupLoadedEditorAssemblies (932ms)
				LogAssemblyErrors (0ms)
				InitializePlatformSupportModulesInManaged (9ms)
				SetLoadedEditorAssemblies (1ms)
				RefreshPlugins (1ms)
				BeforeProcessingInitializeOnLoad (258ms)
				ProcessInitializeOnLoadAttributes (599ms)
				ProcessInitializeOnLoadMethodAttributes (48ms)
				AfterProcessingInitializeOnLoad (17ms)
				EditorAssembliesLoaded (0ms)
			ExecutionOrderSort2 (0ms)
			AwakeInstancesAfterBackupRestoration (48ms)
Platform modules already initialized, skipping
Switching build target platform(19) subTarget(0) extendedPlatform(0) -> platform(13) subTarget(537395200) extendedPlatform(0)
Refreshing native plugins compatible for Editor in 1.39 ms, found 3 plugins.
Preloading 0 native plugins for Editor in 0.00 ms.
Unloading 3398 Unused Serialized files (Serialized files now loaded: 0)
System memory in use before: 144.1 MB.
System memory in use after: 144.4 MB.

Unloading 19 unused Assets to reduce memory usage. Loaded Objects now: 3982.
Total: 11.512200 ms (FindLiveObjects: 1.637200 ms CreateObjectMapping: 0.464000 ms MarkObjects: 9.361500 ms  DeleteObjects: 0.042600 ms)

AssetImportParameters requested are different than current active one (requested -> active):
  custom:framework-win-MediaFoundation: 216162199b28c13a410421893ffa2e32 -> 
  custom:video-decoder-ogg-theora: a1e56fd34408186e4bbccfd4996cb3dc -> 
  custom:container-muxer-webm: aa71ff27fc2769a1b78a27578f13a17b -> 
  custom:container-demuxer-webm: 4f35f7cbe854078d1ac9338744f61a02 -> 
  custom:container-demuxer-ogg: 62fdf1f143b41e24485cea50d1cbac27 -> 
  custom:video-encoder-webm-vp8: eb34c28f22e8b96e1ab97ce403110664 -> 
  custom:video-decoder-webm-vp8: 9c59270c3fd7afecdb556c50c9e8de78 -> 
  custom:graphics/normal-map-encoding: 01000000000000000000000000000000 -> 02000000000000000000000000000000
  custom:audio-decoder-ogg-vorbis: bf7c407c2cedff20999df2af8eb42d56 -> 
  custom:audio-encoder-webm-vorbis: bf7c407c2cedff20999df2af8eb42d56 -> 
========================================================================
Received Prepare
Registering precompiled user dll's ...
Registered in 0.020149 seconds.
Begin MonoManager ReloadAssembly
Native extension for WindowsStandalone target not found
Refreshing native plugins compatible for Editor in 0.93 ms, found 3 plugins.
Preloading 0 native plugins for Editor in 0.00 ms.
Mono: successfully reloaded assembly
- Completed reload, in  2.579 seconds
Domain Reload Profiling:
	ReloadAssembly (2580ms)
		BeginReloadAssembly (212ms)
			ExecutionOrderSort (0ms)
			DisableScriptedObjects (12ms)
			BackupInstance (0ms)
			ReleaseScriptingObjects (0ms)
			CreateAndSetChildDomain (70ms)
		EndReloadAssembly (2200ms)
			LoadAssemblies (203ms)
			RebuildTransferFunctionScriptingTraits (0ms)
			SetupTypeCache (854ms)
			ReleaseScriptCaches (4ms)
			RebuildScriptCaches (105ms)
			SetupLoadedEditorAssemblies (722ms)
				LogAssemblyErrors (0ms)
				InitializePlatformSupportModulesInManaged (5ms)
				SetLoadedEditorAssemblies (1ms)
				RefreshPlugins (1ms)
				BeforeProcessingInitializeOnLoad (237ms)
				ProcessInitializeOnLoadAttributes (443ms)
				ProcessInitializeOnLoadMethodAttributes (22ms)
				AfterProcessingInitializeOnLoad (13ms)
				EditorAssembliesLoaded (0ms)
			ExecutionOrderSort2 (0ms)
			AwakeInstancesAfterBackupRestoration (23ms)
Platform modules already initialized, skipping
Switching build target platform(19) subTarget(0) extendedPlatform(0) -> platform(13) subTarget(537395200) extendedPlatform(0)
Refreshing native plugins compatible for Editor in 0.86 ms, found 3 plugins.
Preloading 0 native plugins for Editor in 0.00 ms.
Unloading 3398 Unused Serialized files (Serialized files now loaded: 0)
System memory in use before: 144.1 MB.
System memory in use after: 144.4 MB.

Unloading 19 unused Assets to reduce memory usage. Loaded Objects now: 3984.
Total: 9.271500 ms (FindLiveObjects: 0.484000 ms CreateObjectMapping: 0.990600 ms MarkObjects: 7.764500 ms  DeleteObjects: 0.030100 ms)

AssetImportParameters requested are different than current active one (requested -> active):
  custom:framework-win-MediaFoundation: 216162199b28c13a410421893ffa2e32 -> 
  custom:video-decoder-ogg-theora: a1e56fd34408186e4bbccfd4996cb3dc -> 
  custom:container-muxer-webm: aa71ff27fc2769a1b78a27578f13a17b -> 
  custom:container-demuxer-webm: 4f35f7cbe854078d1ac9338744f61a02 -> 
  custom:container-demuxer-ogg: 62fdf1f143b41e24485cea50d1cbac27 -> 
  custom:video-encoder-webm-vp8: eb34c28f22e8b96e1ab97ce403110664 -> 
  custom:video-decoder-webm-vp8: 9c59270c3fd7afecdb556c50c9e8de78 -> 
  custom:graphics/normal-map-encoding: 01000000000000000000000000000000 -> 02000000000000000000000000000000
  custom:audio-decoder-ogg-vorbis: bf7c407c2cedff20999df2af8eb42d56 -> 
  custom:audio-encoder-webm-vorbis: bf7c407c2cedff20999df2af8eb42d56 -> 
========================================================================
Received Prepare
Registering precompiled user dll's ...
Registered in 0.012418 seconds.
Begin MonoManager ReloadAssembly
Native extension for WindowsStandalone target not found
Refreshing native plugins compatible for Editor in 0.98 ms, found 3 plugins.
Preloading 0 native plugins for Editor in 0.00 ms.
Mono: successfully reloaded assembly
- Completed reload, in  2.264 seconds
Domain Reload Profiling:
	ReloadAssembly (2264ms)
		BeginReloadAssembly (225ms)
			ExecutionOrderSort (0ms)
			DisableScriptedObjects (14ms)
			BackupInstance (0ms)
			ReleaseScriptingObjects (0ms)
			CreateAndSetChildDomain (67ms)
		EndReloadAssembly (1927ms)
			LoadAssemblies (202ms)
			RebuildTransferFunctionScriptingTraits (0ms)
			SetupTypeCache (704ms)
			ReleaseScriptCaches (3ms)
			RebuildScriptCaches (84ms)
			SetupLoadedEditorAssemblies (607ms)
				LogAssemblyErrors (0ms)
				InitializePlatformSupportModulesInManaged (5ms)
				SetLoadedEditorAssemblies (1ms)
				RefreshPlugins (1ms)
				BeforeProcessingInitializeOnLoad (167ms)
				ProcessInitializeOnLoadAttributes (403ms)
				ProcessInitializeOnLoadMethodAttributes (20ms)
				AfterProcessingInitializeOnLoad (10ms)
				EditorAssembliesLoaded (0ms)
			ExecutionOrderSort2 (0ms)
			AwakeInstancesAfterBackupRestoration (26ms)
Platform modules already initialized, skipping
Switching build target platform(19) subTarget(0) extendedPlatform(0) -> platform(13) subTarget(537395200) extendedPlatform(0)
Refreshing native plugins compatible for Editor in 0.91 ms, found 3 plugins.
Preloading 0 native plugins for Editor in 0.00 ms.
Unloading 3398 Unused Serialized files (Serialized files now loaded: 0)
System memory in use before: 144.1 MB.
System memory in use after: 144.4 MB.

Unloading 19 unused Assets to reduce memory usage. Loaded Objects now: 3986.
Total: 5.990800 ms (FindLiveObjects: 0.421600 ms CreateObjectMapping: 0.377500 ms MarkObjects: 5.149600 ms  DeleteObjects: 0.039700 ms)

AssetImportParameters requested are different than current active one (requested -> active):
  custom:framework-win-MediaFoundation: 216162199b28c13a410421893ffa2e32 -> 
  custom:video-decoder-ogg-theora: a1e56fd34408186e4bbccfd4996cb3dc -> 
  custom:container-muxer-webm: aa71ff27fc2769a1b78a27578f13a17b -> 
  custom:container-demuxer-webm: 4f35f7cbe854078d1ac9338744f61a02 -> 
  custom:container-demuxer-ogg: 62fdf1f143b41e24485cea50d1cbac27 -> 
  custom:video-encoder-webm-vp8: eb34c28f22e8b96e1ab97ce403110664 -> 
  custom:video-decoder-webm-vp8: 9c59270c3fd7afecdb556c50c9e8de78 -> 
  custom:graphics/normal-map-encoding: 01000000000000000000000000000000 -> 02000000000000000000000000000000
  custom:audio-decoder-ogg-vorbis: bf7c407c2cedff20999df2af8eb42d56 -> 
  custom:audio-encoder-webm-vorbis: bf7c407c2cedff20999df2af8eb42d56 -> 
========================================================================
Received Prepare
Registering precompiled user dll's ...
Registered in 0.031651 seconds.
Begin MonoManager ReloadAssembly
Native extension for WindowsStandalone target not found
Refreshing native plugins compatible for Editor in 0.83 ms, found 3 plugins.
Preloading 0 native plugins for Editor in 0.00 ms.
Mono: successfully reloaded assembly
- Completed reload, in  3.068 seconds
Domain Reload Profiling:
	ReloadAssembly (3069ms)
		BeginReloadAssembly (280ms)
			ExecutionOrderSort (0ms)
			DisableScriptedObjects (22ms)
			BackupInstance (0ms)
			ReleaseScriptingObjects (0ms)
			CreateAndSetChildDomain (77ms)
		EndReloadAssembly (2576ms)
			LoadAssemblies (274ms)
			RebuildTransferFunctionScriptingTraits (0ms)
			SetupTypeCache (975ms)
			ReleaseScriptCaches (5ms)
			RebuildScriptCaches (156ms)
			SetupLoadedEditorAssemblies (824ms)
				LogAssemblyErrors (0ms)
				InitializePlatformSupportModulesInManaged (7ms)
				SetLoadedEditorAssemblies (1ms)
				RefreshPlugins (1ms)
				BeforeProcessingInitializeOnLoad (329ms)
				ProcessInitializeOnLoadAttributes (446ms)
				ProcessInitializeOnLoadMethodAttributes (24ms)
				AfterProcessingInitializeOnLoad (15ms)
				EditorAssembliesLoaded (1ms)
			ExecutionOrderSort2 (0ms)
			AwakeInstancesAfterBackupRestoration (39ms)
Platform modules already initialized, skipping
Switching build target platform(19) subTarget(0) extendedPlatform(0) -> platform(13) subTarget(537395200) extendedPlatform(0)
Refreshing native plugins compatible for Editor in 1.77 ms, found 3 plugins.
Preloading 0 native plugins for Editor in 0.00 ms.
Unloading 3398 Unused Serialized files (Serialized files now loaded: 0)
System memory in use before: 144.1 MB.
System memory in use after: 144.4 MB.

Unloading 19 unused Assets to reduce memory usage. Loaded Objects now: 3988.
Total: 51.182900 ms (FindLiveObjects: 5.351100 ms CreateObjectMapping: 0.469800 ms MarkObjects: 45.301300 ms  DeleteObjects: 0.058200 ms)

AssetImportParameters requested are different than current active one (requested -> active):
  custom:framework-win-MediaFoundation: 216162199b28c13a410421893ffa2e32 -> 
  custom:video-decoder-ogg-theora: a1e56fd34408186e4bbccfd4996cb3dc -> 
  custom:container-muxer-webm: aa71ff27fc2769a1b78a27578f13a17b -> 
  custom:container-demuxer-webm: 4f35f7cbe854078d1ac9338744f61a02 -> 
  custom:container-demuxer-ogg: 62fdf1f143b41e24485cea50d1cbac27 -> 
  custom:video-encoder-webm-vp8: eb34c28f22e8b96e1ab97ce403110664 -> 
  custom:video-decoder-webm-vp8: 9c59270c3fd7afecdb556c50c9e8de78 -> 
  custom:graphics/normal-map-encoding: 01000000000000000000000000000000 -> 02000000000000000000000000000000
  custom:audio-decoder-ogg-vorbis: bf7c407c2cedff20999df2af8eb42d56 -> 
  custom:audio-encoder-webm-vorbis: bf7c407c2cedff20999df2af8eb42d56 -> 
========================================================================
Received Prepare
Registering precompiled user dll's ...
Registered in 0.160527 seconds.
Begin MonoManager ReloadAssembly
Native extension for WindowsStandalone target not found
Refreshing native plugins compatible for Editor in 1.26 ms, found 3 plugins.
Preloading 0 native plugins for Editor in 0.00 ms.
Mono: successfully reloaded assembly
- Completed reload, in  3.892 seconds
Domain Reload Profiling:
	ReloadAssembly (3893ms)
		BeginReloadAssembly (623ms)
			ExecutionOrderSort (0ms)
			DisableScriptedObjects (62ms)
			BackupInstance (0ms)
			ReleaseScriptingObjects (0ms)
			CreateAndSetChildDomain (187ms)
		EndReloadAssembly (3114ms)
			LoadAssemblies (422ms)
			RebuildTransferFunctionScriptingTraits (0ms)
			SetupTypeCache (1270ms)
			ReleaseScriptCaches (3ms)
			RebuildScriptCaches (129ms)
			SetupLoadedEditorAssemblies (980ms)
				LogAssemblyErrors (0ms)
				InitializePlatformSupportModulesInManaged (14ms)
				SetLoadedEditorAssemblies (5ms)
				RefreshPlugins (2ms)
				BeforeProcessingInitializeOnLoad (306ms)
				ProcessInitializeOnLoadAttributes (616ms)
				ProcessInitializeOnLoadMethodAttributes (28ms)
				AfterProcessingInitializeOnLoad (10ms)
				EditorAssembliesLoaded (0ms)
			ExecutionOrderSort2 (0ms)
			AwakeInstancesAfterBackupRestoration (22ms)
Platform modules already initialized, skipping
Switching build target platform(19) subTarget(0) extendedPlatform(0) -> platform(13) subTarget(537395200) extendedPlatform(0)
Refreshing native plugins compatible for Editor in 1.12 ms, found 3 plugins.
Preloading 0 native plugins for Editor in 0.00 ms.
Unloading 3398 Unused Serialized files (Serialized files now loaded: 0)
System memory in use before: 144.1 MB.
System memory in use after: 144.4 MB.

Unloading 19 unused Assets to reduce memory usage. Loaded Objects now: 3990.
Total: 8.271600 ms (FindLiveObjects: 0.544200 ms CreateObjectMapping: 0.371300 ms MarkObjects: 7.275300 ms  DeleteObjects: 0.077900 ms)

AssetImportParameters requested are different than current active one (requested -> active):
  custom:framework-win-MediaFoundation: 216162199b28c13a410421893ffa2e32 -> 
  custom:video-decoder-ogg-theora: a1e56fd34408186e4bbccfd4996cb3dc -> 
  custom:container-muxer-webm: aa71ff27fc2769a1b78a27578f13a17b -> 
  custom:container-demuxer-webm: 4f35f7cbe854078d1ac9338744f61a02 -> 
  custom:container-demuxer-ogg: 62fdf1f143b41e24485cea50d1cbac27 -> 
  custom:video-encoder-webm-vp8: eb34c28f22e8b96e1ab97ce403110664 -> 
  custom:video-decoder-webm-vp8: 9c59270c3fd7afecdb556c50c9e8de78 -> 
  custom:graphics/normal-map-encoding: 01000000000000000000000000000000 -> 02000000000000000000000000000000
  custom:audio-decoder-ogg-vorbis: bf7c407c2cedff20999df2af8eb42d56 -> 
  custom:audio-encoder-webm-vorbis: bf7c407c2cedff20999df2af8eb42d56 -> 
AssetImportWorkerClient::OnTransportError - code=2 error=End of file
