Using pre-set license
Built from '2020.3/staging' branch; Version is '2020.3.16f1 (049d6eca3c44) revision 302446'; Using compiler version '192528614'; Build Type 'Release'
OS: 'Windows 10 Pro; OS build 19041.1237; Version 2004; 64bit' Language: 'ru' Physical Memory: 8080 MB
BatchMode: 1, IsHumanControllingUs: 0, StartBugReporterOnCrash: 0, Is64bit: 1, IsPro: 0

 COMMAND LINE ARGUMENTS:
C:\Program Files\Unity\Hub\Editor\2020.3.16f1\Editor\Unity.exe
-adb2
-batchMode
-noUpm
-name
AssetImportWorker2
-projectPath
C:/Users/Natalja/Desktop/LastBastion
-logFile
Logs/AssetImportWorker2.log
-srvPort
55652
Successfully changed project path to: C:/Users/Natalja/Desktop/LastBastion
C:/Users/Natalja/Desktop/LastBastion
Using Asset Import Pipeline V2.
Refreshing native plugins compatible for Editor in 281.81 ms, found 3 plugins.
Preloading 0 native plugins for Editor in 0.00 ms.
Initialize engine version: 2020.3.16f1 (049d6eca3c44)
[Subsystems] Discovering subsystems at path C:/Program Files/Unity/Hub/Editor/2020.3.16f1/Editor/Data/Resources/UnitySubsystems
[Subsystems] Discovering subsystems at path C:/Users/Natalja/Desktop/LastBastion/Assets
GfxDevice: creating device client; threaded=0
Direct3D:
    Version:  Direct3D 11.0 [level 11.1]
    Renderer: Intel(R) HD Graphics 5500 (ID=0x1616)
    Vendor:   
    VRAM:     4040 MB
    Driver:   20.19.15.4835
Shader 'Universal Render Pipeline/Particles/Lit': fallback shader 'Universal Render Pipeline/Particles/SimpleLit' not found
Initialize mono
Mono path[0] = 'C:/Program Files/Unity/Hub/Editor/2020.3.16f1/Editor/Data/Managed'
Mono path[1] = 'C:/Program Files/Unity/Hub/Editor/2020.3.16f1/Editor/Data/MonoBleedingEdge/lib/mono/unityjit'
Mono config path = 'C:/Program Files/Unity/Hub/Editor/2020.3.16f1/Editor/Data/MonoBleedingEdge/etc'
Using monoOptions --debugger-agent=transport=dt_socket,embedding=1,server=y,suspend=n,address=127.0.0.1:56524
Begin MonoManager ReloadAssembly
Registering precompiled unity dll's ...
Register platform support module: C:/Program Files/Unity/Hub/Editor/2020.3.16f1/Editor/Data/PlaybackEngines/WindowsStandaloneSupport/UnityEditor.WindowsStandalone.Extensions.dll
Registered in 0.009965 seconds.
Native extension for WindowsStandalone target not found
Refreshing native plugins compatible for Editor in 217.09 ms, found 3 plugins.
Preloading 0 native plugins for Editor in 0.00 ms.
Mono: successfully reloaded assembly
- Completed reload, in 13.031 seconds
Domain Reload Profiling:
	ReloadAssembly (13034ms)
		BeginReloadAssembly (135ms)
			ExecutionOrderSort (0ms)
			DisableScriptedObjects (0ms)
			BackupInstance (0ms)
			ReleaseScriptingObjects (0ms)
			CreateAndSetChildDomain (3ms)
		EndReloadAssembly (8885ms)
			LoadAssemblies (129ms)
			RebuildTransferFunctionScriptingTraits (0ms)
			SetupTypeCache (1076ms)
			ReleaseScriptCaches (0ms)
			RebuildScriptCaches (2223ms)
			SetupLoadedEditorAssemblies (5011ms)
				LogAssemblyErrors (0ms)
				InitializePlatformSupportModulesInManaged (16ms)
				SetLoadedEditorAssemblies (2ms)
				RefreshPlugins (217ms)
				BeforeProcessingInitializeOnLoad (53ms)
				ProcessInitializeOnLoadAttributes (4389ms)
				ProcessInitializeOnLoadMethodAttributes (332ms)
				AfterProcessingInitializeOnLoad (0ms)
				EditorAssembliesLoaded (1ms)
			ExecutionOrderSort2 (0ms)
			AwakeInstancesAfterBackupRestoration (0ms)
Platform modules already initialized, skipping
Registering precompiled user dll's ...
Registered in 0.041010 seconds.
Begin MonoManager ReloadAssembly
Native extension for WindowsStandalone target not found
Refreshing native plugins compatible for Editor in 182.20 ms, found 3 plugins.
Preloading 0 native plugins for Editor in 0.00 ms.
Mono: successfully reloaded assembly
- Completed reload, in  4.392 seconds
Domain Reload Profiling:
	ReloadAssembly (4393ms)
		BeginReloadAssembly (485ms)
			ExecutionOrderSort (0ms)
			DisableScriptedObjects (7ms)
			BackupInstance (0ms)
			ReleaseScriptingObjects (0ms)
			CreateAndSetChildDomain (86ms)
		EndReloadAssembly (3798ms)
			LoadAssemblies (252ms)
			RebuildTransferFunctionScriptingTraits (0ms)
			SetupTypeCache (957ms)
			ReleaseScriptCaches (1ms)
			RebuildScriptCaches (144ms)
			SetupLoadedEditorAssemblies (2100ms)
				LogAssemblyErrors (0ms)
				InitializePlatformSupportModulesInManaged (9ms)
				SetLoadedEditorAssemblies (1ms)
				RefreshPlugins (182ms)
				BeforeProcessingInitializeOnLoad (229ms)
				ProcessInitializeOnLoadAttributes (1606ms)
				ProcessInitializeOnLoadMethodAttributes (59ms)
				AfterProcessingInitializeOnLoad (14ms)
				EditorAssembliesLoaded (0ms)
			ExecutionOrderSort2 (0ms)
			AwakeInstancesAfterBackupRestoration (17ms)
Platform modules already initialized, skipping
========================================================================
Worker process is ready to serve import requests
Shader 'Universal Render Pipeline/Particles/Lit': fallback shader 'Universal Render Pipeline/Particles/SimpleLit' not found
Launched and connected shader compiler UnityShaderCompiler.exe after 0.19 seconds
Refreshing native plugins compatible for Editor in 0.94 ms, found 3 plugins.
Preloading 0 native plugins for Editor in 0.00 ms.
Unloading 3397 Unused Serialized files (Serialized files now loaded: 0)
System memory in use before: 148.6 MB.
System memory in use after: 148.8 MB.

Unloading 30 unused Assets to reduce memory usage. Loaded Objects now: 3834.
Total: 47.929700 ms (FindLiveObjects: 0.716600 ms CreateObjectMapping: 0.370800 ms MarkObjects: 46.244100 ms  DeleteObjects: 0.594500 ms)

AssetImportParameters requested are different than current active one (requested -> active):
  custom:framework-win-MediaFoundation: 216162199b28c13a410421893ffa2e32 -> 
  custom:video-decoder-ogg-theora: a1e56fd34408186e4bbccfd4996cb3dc -> 
  custom:container-muxer-webm: aa71ff27fc2769a1b78a27578f13a17b -> 
  custom:container-demuxer-webm: 4f35f7cbe854078d1ac9338744f61a02 -> 
  custom:container-demuxer-ogg: 62fdf1f143b41e24485cea50d1cbac27 -> 
  custom:video-encoder-webm-vp8: eb34c28f22e8b96e1ab97ce403110664 -> 
  custom:video-decoder-webm-vp8: 9c59270c3fd7afecdb556c50c9e8de78 -> 
  custom:audio-decoder-ogg-vorbis: bf7c407c2cedff20999df2af8eb42d56 -> 
  custom:audio-encoder-webm-vorbis: bf7c407c2cedff20999df2af8eb42d56 -> 
========================================================================
Received Import Request.
  path: Assets/Prefabs/ResearchButton.prefab
  artifactKey: Guid(0189914e0eb7a354db0f19c0a27887bf) Importer(815301076,1909f56bfc062723c751e8b465ee728b)
Start importing Assets/Prefabs/ResearchButton.prefab using Guid(0189914e0eb7a354db0f19c0a27887bf) Importer(815301076,1909f56bfc062723c751e8b465ee728b) Serialization depth limit 10 exceeded at 'Branch.researchable'. There may be an object composition cycle in one or more of your serialized classes.

Serialization hierarchy:
11: Branch.researchable
10: Branch.subBranches
9: Branch.subBranches
8: Branch.subBranches
7: Branch.subBranches
6: Branch.subBranches
5: Branch.subBranches
4: Branch.subBranches
3: Branch.subBranches
2: Branch.subBranches
1: Branch.subBranches
0: ResearchButton.branch

Serialization depth limit 10 exceeded at 'Branch.researchable'. There may be an object composition cycle in one or more of your serialized classes.

Serialization hierarchy:
11: Branch.researchable
10: Branch.subBranches
9: Branch.subBranches
8: Branch.subBranches
7: Branch.subBranches
6: Branch.subBranches
5: Branch.subBranches
4: Branch.subBranches
3: Branch.subBranches
2: Branch.subBranches
1: Branch.subBranches
0: Branch.subBranches

 -> (artifact id: '7ddfda282bc862f7522f97a80b34745a') in 0.797275 seconds 
  Import took 0.819967 seconds .

========================================================================
Received Import Request.
  Time since last request: 0.000771 seconds.
  path: Assets/Prefabs/Lamp.prefab
  artifactKey: Guid(00de0fe054d7cde41a171676a732f78c) Importer(815301076,1909f56bfc062723c751e8b465ee728b)
Start importing Assets/Prefabs/Lamp.prefab using Guid(00de0fe054d7cde41a171676a732f78c) Importer(815301076,1909f56bfc062723c751e8b465ee728b)  -> (artifact id: '5b51ed8f24d5011eeb86e9288d296f84') in 1.322486 seconds 
  Import took 1.350796 seconds .

========================================================================
Received Prepare
Registering precompiled user dll's ...
Registered in 0.021867 seconds.
Begin MonoManager ReloadAssembly
Native extension for WindowsStandalone target not found
Refreshing native plugins compatible for Editor in 0.84 ms, found 3 plugins.
Preloading 0 native plugins for Editor in 0.00 ms.
Mono: successfully reloaded assembly
- Completed reload, in  4.108 seconds
Domain Reload Profiling:
	ReloadAssembly (4109ms)
		BeginReloadAssembly (505ms)
			ExecutionOrderSort (0ms)
			DisableScriptedObjects (31ms)
			BackupInstance (0ms)
			ReleaseScriptingObjects (0ms)
			CreateAndSetChildDomain (107ms)
		EndReloadAssembly (3419ms)
			LoadAssemblies (383ms)
			RebuildTransferFunctionScriptingTraits (0ms)
			SetupTypeCache (1864ms)
			ReleaseScriptCaches (8ms)
			RebuildScriptCaches (107ms)
			SetupLoadedEditorAssemblies (752ms)
				LogAssemblyErrors (0ms)
				InitializePlatformSupportModulesInManaged (10ms)
				SetLoadedEditorAssemblies (2ms)
				RefreshPlugins (1ms)
				BeforeProcessingInitializeOnLoad (182ms)
				ProcessInitializeOnLoadAttributes (530ms)
				ProcessInitializeOnLoadMethodAttributes (17ms)
				AfterProcessingInitializeOnLoad (11ms)
				EditorAssembliesLoaded (1ms)
			ExecutionOrderSort2 (0ms)
			AwakeInstancesAfterBackupRestoration (37ms)
Platform modules already initialized, skipping
Shader 'Universal Render Pipeline/Particles/Lit': fallback shader 'Universal Render Pipeline/Particles/SimpleLit' not found
Refreshing native plugins compatible for Editor in 0.92 ms, found 3 plugins.
Preloading 0 native plugins for Editor in 0.00 ms.
Unloading 3268 Unused Serialized files (Serialized files now loaded: 0)
System memory in use before: 144.8 MB.
System memory in use after: 145.0 MB.

Unloading 19 unused Assets to reduce memory usage. Loaded Objects now: 3883.
Total: 9.538500 ms (FindLiveObjects: 0.715600 ms CreateObjectMapping: 0.330300 ms MarkObjects: 8.443000 ms  DeleteObjects: 0.046200 ms)

AssetImportParameters requested are different than current active one (requested -> active):
  custom:framework-win-MediaFoundation: 216162199b28c13a410421893ffa2e32 -> 
  custom:video-decoder-ogg-theora: a1e56fd34408186e4bbccfd4996cb3dc -> 
  custom:container-muxer-webm: aa71ff27fc2769a1b78a27578f13a17b -> 
  custom:container-demuxer-webm: 4f35f7cbe854078d1ac9338744f61a02 -> 
  custom:container-demuxer-ogg: 62fdf1f143b41e24485cea50d1cbac27 -> 
  custom:video-encoder-webm-vp8: eb34c28f22e8b96e1ab97ce403110664 -> 
  custom:video-decoder-webm-vp8: 9c59270c3fd7afecdb556c50c9e8de78 -> 
  custom:audio-decoder-ogg-vorbis: bf7c407c2cedff20999df2af8eb42d56 -> 
  custom:audio-encoder-webm-vorbis: bf7c407c2cedff20999df2af8eb42d56 -> 
========================================================================
Received Prepare
Registering precompiled user dll's ...
Registered in 0.010072 seconds.
Begin MonoManager ReloadAssembly
Native extension for WindowsStandalone target not found
Refreshing native plugins compatible for Editor in 0.76 ms, found 3 plugins.
Preloading 0 native plugins for Editor in 0.00 ms.
Mono: successfully reloaded assembly
- Completed reload, in  3.294 seconds
Domain Reload Profiling:
	ReloadAssembly (3295ms)
		BeginReloadAssembly (302ms)
			ExecutionOrderSort (0ms)
			DisableScriptedObjects (29ms)
			BackupInstance (0ms)
			ReleaseScriptingObjects (0ms)
			CreateAndSetChildDomain (106ms)
		EndReloadAssembly (2864ms)
			LoadAssemblies (227ms)
			RebuildTransferFunctionScriptingTraits (0ms)
			SetupTypeCache (978ms)
			ReleaseScriptCaches (3ms)
			RebuildScriptCaches (156ms)
			SetupLoadedEditorAssemblies (1101ms)
				LogAssemblyErrors (0ms)
				InitializePlatformSupportModulesInManaged (8ms)
				SetLoadedEditorAssemblies (1ms)
				RefreshPlugins (1ms)
				BeforeProcessingInitializeOnLoad (253ms)
				ProcessInitializeOnLoadAttributes (816ms)
				ProcessInitializeOnLoadMethodAttributes (10ms)
				AfterProcessingInitializeOnLoad (11ms)
				EditorAssembliesLoaded (0ms)
			ExecutionOrderSort2 (0ms)
			AwakeInstancesAfterBackupRestoration (49ms)
Platform modules already initialized, skipping
Shader 'Universal Render Pipeline/Particles/Lit': fallback shader 'Universal Render Pipeline/Particles/SimpleLit' not found
Refreshing native plugins compatible for Editor in 1.01 ms, found 3 plugins.
Preloading 0 native plugins for Editor in 0.00 ms.
Unloading 3269 Unused Serialized files (Serialized files now loaded: 0)
System memory in use before: 144.8 MB.
System memory in use after: 145.1 MB.

Unloading 18 unused Assets to reduce memory usage. Loaded Objects now: 3887.
Total: 6.157500 ms (FindLiveObjects: 0.454200 ms CreateObjectMapping: 0.312700 ms MarkObjects: 5.356000 ms  DeleteObjects: 0.032200 ms)

AssetImportParameters requested are different than current active one (requested -> active):
  custom:framework-win-MediaFoundation: 216162199b28c13a410421893ffa2e32 -> 
  custom:video-decoder-ogg-theora: a1e56fd34408186e4bbccfd4996cb3dc -> 
  custom:container-muxer-webm: aa71ff27fc2769a1b78a27578f13a17b -> 
  custom:container-demuxer-webm: 4f35f7cbe854078d1ac9338744f61a02 -> 
  custom:container-demuxer-ogg: 62fdf1f143b41e24485cea50d1cbac27 -> 
  custom:video-encoder-webm-vp8: eb34c28f22e8b96e1ab97ce403110664 -> 
  custom:video-decoder-webm-vp8: 9c59270c3fd7afecdb556c50c9e8de78 -> 
  custom:audio-decoder-ogg-vorbis: bf7c407c2cedff20999df2af8eb42d56 -> 
  custom:audio-encoder-webm-vorbis: bf7c407c2cedff20999df2af8eb42d56 -> 
========================================================================
Received Import Request.
  Time since last request: 325.593059 seconds.
  path: Assets/Prefabs/Lamp.prefab
  artifactKey: Guid(00de0fe054d7cde41a171676a732f78c) Importer(815301076,1909f56bfc062723c751e8b465ee728b)
Start importing Assets/Prefabs/Lamp.prefab using Guid(00de0fe054d7cde41a171676a732f78c) Importer(815301076,1909f56bfc062723c751e8b465ee728b)  -> (artifact id: 'd5c1336acd99addf65e4c22d935cd8b8') in 0.256312 seconds 
  Import took 0.268945 seconds .

========================================================================
Received Prepare
Registering precompiled user dll's ...
Registered in 0.016427 seconds.
Begin MonoManager ReloadAssembly
Native extension for WindowsStandalone target not found
Refreshing native plugins compatible for Editor in 0.78 ms, found 3 plugins.
Preloading 0 native plugins for Editor in 0.00 ms.
Mono: successfully reloaded assembly
- Completed reload, in  2.980 seconds
Domain Reload Profiling:
	ReloadAssembly (2980ms)
		BeginReloadAssembly (212ms)
			ExecutionOrderSort (0ms)
			DisableScriptedObjects (19ms)
			BackupInstance (0ms)
			ReleaseScriptingObjects (0ms)
			CreateAndSetChildDomain (64ms)
		EndReloadAssembly (2656ms)
			LoadAssemblies (250ms)
			RebuildTransferFunctionScriptingTraits (0ms)
			SetupTypeCache (1112ms)
			ReleaseScriptCaches (2ms)
			RebuildScriptCaches (89ms)
			SetupLoadedEditorAssemblies (863ms)
				LogAssemblyErrors (0ms)
				InitializePlatformSupportModulesInManaged (8ms)
				SetLoadedEditorAssemblies (1ms)
				RefreshPlugins (1ms)
				BeforeProcessingInitializeOnLoad (143ms)
				ProcessInitializeOnLoadAttributes (691ms)
				ProcessInitializeOnLoadMethodAttributes (11ms)
				AfterProcessingInitializeOnLoad (8ms)
				EditorAssembliesLoaded (0ms)
			ExecutionOrderSort2 (0ms)
			AwakeInstancesAfterBackupRestoration (43ms)
Platform modules already initialized, skipping
Shader 'Universal Render Pipeline/Particles/Lit': fallback shader 'Universal Render Pipeline/Particles/SimpleLit' not found
Refreshing native plugins compatible for Editor in 1.68 ms, found 3 plugins.
Preloading 0 native plugins for Editor in 0.00 ms.
Unloading 3269 Unused Serialized files (Serialized files now loaded: 0)
System memory in use before: 145.0 MB.
System memory in use after: 145.2 MB.

Unloading 18 unused Assets to reduce memory usage. Loaded Objects now: 3926.
Total: 27.720300 ms (FindLiveObjects: 9.668900 ms CreateObjectMapping: 10.658800 ms MarkObjects: 7.356100 ms  DeleteObjects: 0.032100 ms)

AssetImportParameters requested are different than current active one (requested -> active):
  custom:framework-win-MediaFoundation: 216162199b28c13a410421893ffa2e32 -> 
  custom:video-decoder-ogg-theora: a1e56fd34408186e4bbccfd4996cb3dc -> 
  custom:container-muxer-webm: aa71ff27fc2769a1b78a27578f13a17b -> 
  custom:container-demuxer-webm: 4f35f7cbe854078d1ac9338744f61a02 -> 
  custom:container-demuxer-ogg: 62fdf1f143b41e24485cea50d1cbac27 -> 
  custom:video-encoder-webm-vp8: eb34c28f22e8b96e1ab97ce403110664 -> 
  custom:video-decoder-webm-vp8: 9c59270c3fd7afecdb556c50c9e8de78 -> 
  custom:audio-decoder-ogg-vorbis: bf7c407c2cedff20999df2af8eb42d56 -> 
  custom:audio-encoder-webm-vorbis: bf7c407c2cedff20999df2af8eb42d56 -> 
========================================================================
Received Import Request.
  Time since last request: 302.158834 seconds.
  path: Assets/Prefabs/Lamp.prefab
  artifactKey: Guid(00de0fe054d7cde41a171676a732f78c) Importer(815301076,1909f56bfc062723c751e8b465ee728b)
Start importing Assets/Prefabs/Lamp.prefab using Guid(00de0fe054d7cde41a171676a732f78c) Importer(815301076,1909f56bfc062723c751e8b465ee728b)  -> (artifact id: 'a2c61abe6e43114d5dd8a6cac1af3d6a') in 0.428983 seconds 
  Import took 0.450782 seconds .

========================================================================
Received Import Request.
  Time since last request: 24.556021 seconds.
  path: Assets/Prefabs/Lamp.prefab
  artifactKey: Guid(00de0fe054d7cde41a171676a732f78c) Importer(815301076,1909f56bfc062723c751e8b465ee728b)
Start importing Assets/Prefabs/Lamp.prefab using Guid(00de0fe054d7cde41a171676a732f78c) Importer(815301076,1909f56bfc062723c751e8b465ee728b)  -> (artifact id: '8ded5d50461a3dfa928b8fe33e73fc01') in 0.064434 seconds 
  Import took 0.078231 seconds .

========================================================================
Received Prepare
Registering precompiled user dll's ...
Registered in 0.013628 seconds.
Begin MonoManager ReloadAssembly
Native extension for WindowsStandalone target not found
Refreshing native plugins compatible for Editor in 1.39 ms, found 3 plugins.
Preloading 0 native plugins for Editor in 0.00 ms.
Mono: successfully reloaded assembly
- Completed reload, in  2.530 seconds
Domain Reload Profiling:
	ReloadAssembly (2531ms)
		BeginReloadAssembly (216ms)
			ExecutionOrderSort (0ms)
			DisableScriptedObjects (13ms)
			BackupInstance (0ms)
			ReleaseScriptingObjects (0ms)
			CreateAndSetChildDomain (66ms)
		EndReloadAssembly (2206ms)
			LoadAssemblies (198ms)
			RebuildTransferFunctionScriptingTraits (0ms)
			SetupTypeCache (733ms)
			ReleaseScriptCaches (2ms)
			RebuildScriptCaches (127ms)
			SetupLoadedEditorAssemblies (737ms)
				LogAssemblyErrors (0ms)
				InitializePlatformSupportModulesInManaged (9ms)
				SetLoadedEditorAssemblies (1ms)
				RefreshPlugins (2ms)
				BeforeProcessingInitializeOnLoad (192ms)
				ProcessInitializeOnLoadAttributes (515ms)
				ProcessInitializeOnLoadMethodAttributes (10ms)
				AfterProcessingInitializeOnLoad (8ms)
				EditorAssembliesLoaded (0ms)
			ExecutionOrderSort2 (0ms)
			AwakeInstancesAfterBackupRestoration (34ms)
Platform modules already initialized, skipping
Shader 'Universal Render Pipeline/Particles/Lit': fallback shader 'Universal Render Pipeline/Particles/SimpleLit' not found
Refreshing native plugins compatible for Editor in 0.89 ms, found 3 plugins.
Preloading 0 native plugins for Editor in 0.00 ms.
Unloading 3269 Unused Serialized files (Serialized files now loaded: 0)
System memory in use before: 145.1 MB.
System memory in use after: 145.3 MB.

Unloading 18 unused Assets to reduce memory usage. Loaded Objects now: 3965.
Total: 6.550000 ms (FindLiveObjects: 0.373300 ms CreateObjectMapping: 0.179600 ms MarkObjects: 5.962700 ms  DeleteObjects: 0.032700 ms)

AssetImportParameters requested are different than current active one (requested -> active):
  custom:framework-win-MediaFoundation: 216162199b28c13a410421893ffa2e32 -> 
  custom:video-decoder-ogg-theora: a1e56fd34408186e4bbccfd4996cb3dc -> 
  custom:container-muxer-webm: aa71ff27fc2769a1b78a27578f13a17b -> 
  custom:container-demuxer-webm: 4f35f7cbe854078d1ac9338744f61a02 -> 
  custom:container-demuxer-ogg: 62fdf1f143b41e24485cea50d1cbac27 -> 
  custom:video-encoder-webm-vp8: eb34c28f22e8b96e1ab97ce403110664 -> 
  custom:video-decoder-webm-vp8: 9c59270c3fd7afecdb556c50c9e8de78 -> 
  custom:audio-decoder-ogg-vorbis: bf7c407c2cedff20999df2af8eb42d56 -> 
  custom:audio-encoder-webm-vorbis: bf7c407c2cedff20999df2af8eb42d56 -> 
========================================================================
Received Prepare
Registering precompiled user dll's ...
Registered in 0.009959 seconds.
Begin MonoManager ReloadAssembly
Native extension for WindowsStandalone target not found
Refreshing native plugins compatible for Editor in 1.46 ms, found 3 plugins.
Preloading 0 native plugins for Editor in 0.00 ms.
Mono: successfully reloaded assembly
- Completed reload, in  2.161 seconds
Domain Reload Profiling:
	ReloadAssembly (2162ms)
		BeginReloadAssembly (218ms)
			ExecutionOrderSort (0ms)
			DisableScriptedObjects (19ms)
			BackupInstance (0ms)
			ReleaseScriptingObjects (0ms)
			CreateAndSetChildDomain (68ms)
		EndReloadAssembly (1823ms)
			LoadAssemblies (176ms)
			RebuildTransferFunctionScriptingTraits (0ms)
			SetupTypeCache (611ms)
			ReleaseScriptCaches (2ms)
			RebuildScriptCaches (82ms)
			SetupLoadedEditorAssemblies (657ms)
				LogAssemblyErrors (0ms)
				InitializePlatformSupportModulesInManaged (7ms)
				SetLoadedEditorAssemblies (1ms)
				RefreshPlugins (2ms)
				BeforeProcessingInitializeOnLoad (199ms)
				ProcessInitializeOnLoadAttributes (429ms)
				ProcessInitializeOnLoadMethodAttributes (11ms)
				AfterProcessingInitializeOnLoad (9ms)
				EditorAssembliesLoaded (0ms)
			ExecutionOrderSort2 (0ms)
			AwakeInstancesAfterBackupRestoration (35ms)
Platform modules already initialized, skipping
Shader 'Universal Render Pipeline/Particles/Lit': fallback shader 'Universal Render Pipeline/Particles/SimpleLit' not found
Refreshing native plugins compatible for Editor in 1.15 ms, found 3 plugins.
Preloading 0 native plugins for Editor in 0.00 ms.
Unloading 3269 Unused Serialized files (Serialized files now loaded: 0)
System memory in use before: 145.1 MB.
System memory in use after: 145.3 MB.

Unloading 18 unused Assets to reduce memory usage. Loaded Objects now: 3968.
Total: 6.615400 ms (FindLiveObjects: 0.782400 ms CreateObjectMapping: 0.341700 ms MarkObjects: 5.437700 ms  DeleteObjects: 0.051200 ms)

AssetImportParameters requested are different than current active one (requested -> active):
  custom:framework-win-MediaFoundation: 216162199b28c13a410421893ffa2e32 -> 
  custom:video-decoder-ogg-theora: a1e56fd34408186e4bbccfd4996cb3dc -> 
  custom:container-muxer-webm: aa71ff27fc2769a1b78a27578f13a17b -> 
  custom:container-demuxer-webm: 4f35f7cbe854078d1ac9338744f61a02 -> 
  custom:container-demuxer-ogg: 62fdf1f143b41e24485cea50d1cbac27 -> 
  custom:video-encoder-webm-vp8: eb34c28f22e8b96e1ab97ce403110664 -> 
  custom:video-decoder-webm-vp8: 9c59270c3fd7afecdb556c50c9e8de78 -> 
  custom:audio-decoder-ogg-vorbis: bf7c407c2cedff20999df2af8eb42d56 -> 
  custom:audio-encoder-webm-vorbis: bf7c407c2cedff20999df2af8eb42d56 -> 
========================================================================
Received Import Request.
  Time since last request: 132.555999 seconds.
  path: Assets/ScriptableObjects/Research/New Lamp Upgrade.asset
  artifactKey: Guid(60376f45b58ae304dba6eae255ba308b) Importer(815301076,1909f56bfc062723c751e8b465ee728b)
Start importing Assets/ScriptableObjects/Research/New Lamp Upgrade.asset using Guid(60376f45b58ae304dba6eae255ba308b) Importer(815301076,1909f56bfc062723c751e8b465ee728b)  -> (artifact id: '5bd9b5c6fe895b8c212981631d10523b') in 0.067791 seconds 
  Import took 0.081451 seconds .

========================================================================
Received Import Request.
  Time since last request: 0.000979 seconds.
  path: Assets/ScriptableObjects/Research/New Lamp Upgrade.asset
  artifactKey: Guid(60376f45b58ae304dba6eae255ba308b) Importer(815301076,1909f56bfc062723c751e8b465ee728b)
Start importing Assets/ScriptableObjects/Research/New Lamp Upgrade.asset using Guid(60376f45b58ae304dba6eae255ba308b) Importer(815301076,1909f56bfc062723c751e8b465ee728b)  -> (artifact id: '5bd9b5c6fe895b8c212981631d10523b') in 0.021751 seconds 
  Import took 0.042591 seconds .

========================================================================
Received Prepare
Registering precompiled user dll's ...
Registered in 0.006572 seconds.
Begin MonoManager ReloadAssembly
Native extension for WindowsStandalone target not found
Refreshing native plugins compatible for Editor in 0.83 ms, found 3 plugins.
Preloading 0 native plugins for Editor in 0.00 ms.
Mono: successfully reloaded assembly
- Completed reload, in  2.164 seconds
Domain Reload Profiling:
	ReloadAssembly (2165ms)
		BeginReloadAssembly (223ms)
			ExecutionOrderSort (0ms)
			DisableScriptedObjects (11ms)
			BackupInstance (0ms)
			ReleaseScriptingObjects (0ms)
			CreateAndSetChildDomain (71ms)
		EndReloadAssembly (1790ms)
			LoadAssemblies (179ms)
			RebuildTransferFunctionScriptingTraits (0ms)
			SetupTypeCache (583ms)
			ReleaseScriptCaches (2ms)
			RebuildScriptCaches (77ms)
			SetupLoadedEditorAssemblies (658ms)
				LogAssemblyErrors (0ms)
				InitializePlatformSupportModulesInManaged (8ms)
				SetLoadedEditorAssemblies (1ms)
				RefreshPlugins (1ms)
				BeforeProcessingInitializeOnLoad (154ms)
				ProcessInitializeOnLoadAttributes (476ms)
				ProcessInitializeOnLoadMethodAttributes (9ms)
				AfterProcessingInitializeOnLoad (10ms)
				EditorAssembliesLoaded (0ms)
			ExecutionOrderSort2 (0ms)
			AwakeInstancesAfterBackupRestoration (34ms)
Platform modules already initialized, skipping
Shader 'Universal Render Pipeline/Particles/Lit': fallback shader 'Universal Render Pipeline/Particles/SimpleLit' not found
Refreshing native plugins compatible for Editor in 1.38 ms, found 3 plugins.
Preloading 0 native plugins for Editor in 0.00 ms.
Unloading 3269 Unused Serialized files (Serialized files now loaded: 0)
System memory in use before: 145.1 MB.
System memory in use after: 145.4 MB.

Unloading 18 unused Assets to reduce memory usage. Loaded Objects now: 3971.
Total: 5.546100 ms (FindLiveObjects: 0.523900 ms CreateObjectMapping: 0.452700 ms MarkObjects: 4.540500 ms  DeleteObjects: 0.027300 ms)

AssetImportParameters requested are different than current active one (requested -> active):
  custom:framework-win-MediaFoundation: 216162199b28c13a410421893ffa2e32 -> 
  custom:video-decoder-ogg-theora: a1e56fd34408186e4bbccfd4996cb3dc -> 
  custom:container-muxer-webm: aa71ff27fc2769a1b78a27578f13a17b -> 
  custom:container-demuxer-webm: 4f35f7cbe854078d1ac9338744f61a02 -> 
  custom:container-demuxer-ogg: 62fdf1f143b41e24485cea50d1cbac27 -> 
  custom:video-encoder-webm-vp8: eb34c28f22e8b96e1ab97ce403110664 -> 
  custom:video-decoder-webm-vp8: 9c59270c3fd7afecdb556c50c9e8de78 -> 
  custom:audio-decoder-ogg-vorbis: bf7c407c2cedff20999df2af8eb42d56 -> 
  custom:audio-encoder-webm-vorbis: bf7c407c2cedff20999df2af8eb42d56 -> 
========================================================================
Received Import Request.
  Time since last request: 127.216716 seconds.
  path: Assets/ScriptableObjects/Research/lamp1.asset
  artifactKey: Guid(60376f45b58ae304dba6eae255ba308b) Importer(815301076,1909f56bfc062723c751e8b465ee728b)
Start importing Assets/ScriptableObjects/Research/lamp1.asset using Guid(60376f45b58ae304dba6eae255ba308b) Importer(815301076,1909f56bfc062723c751e8b465ee728b)  -> (artifact id: '304861c0cfa776c0dcd5f89b4635aa4b') in 0.054398 seconds 
  Import took 0.065300 seconds .

========================================================================
Received Import Request.
  Time since last request: 0.994278 seconds.
  path: Assets/ScriptableObjects/Research/lamp1 1.asset
  artifactKey: Guid(82447bd1585db894481ed0d534646c2b) Importer(815301076,1909f56bfc062723c751e8b465ee728b)
Start importing Assets/ScriptableObjects/Research/lamp1 1.asset using Guid(82447bd1585db894481ed0d534646c2b) Importer(815301076,1909f56bfc062723c751e8b465ee728b)  -> (artifact id: '5a766b1675355edc5ba887d3719d1fb4') in 0.066539 seconds 
  Import took 0.234118 seconds .

========================================================================
Received Import Request.
  Time since last request: 0.299067 seconds.
  path: Assets/ScriptableObjects/Research/lamp1 1.asset
  artifactKey: Guid(82447bd1585db894481ed0d534646c2b) Importer(815301076,1909f56bfc062723c751e8b465ee728b)
Start importing Assets/ScriptableObjects/Research/lamp1 1.asset using Guid(82447bd1585db894481ed0d534646c2b) Importer(815301076,1909f56bfc062723c751e8b465ee728b)  -> (artifact id: '89b3723e3907c7f478801e6dce229f1c') in 0.043671 seconds 
  Import took 0.099490 seconds .

========================================================================
Received Import Request.
  Time since last request: 0.281236 seconds.
  path: Assets/ScriptableObjects/Research/lamp1 2.asset
  artifactKey: Guid(e397144224337e845bfdc2257f5258b0) Importer(815301076,1909f56bfc062723c751e8b465ee728b)
Start importing Assets/ScriptableObjects/Research/lamp1 2.asset using Guid(e397144224337e845bfdc2257f5258b0) Importer(815301076,1909f56bfc062723c751e8b465ee728b)  -> (artifact id: 'ab1385dedb4b42851e9dbf0bd3169f95') in 0.026096 seconds 
  Import took 0.036919 seconds .

========================================================================
Received Import Request.
  Time since last request: 0.000307 seconds.
  path: Assets/ScriptableObjects/Research/lamp1 3.asset
  artifactKey: Guid(6266159efa9ca4541a85cd42701b2e7d) Importer(815301076,1909f56bfc062723c751e8b465ee728b)
Start importing Assets/ScriptableObjects/Research/lamp1 3.asset using Guid(6266159efa9ca4541a85cd42701b2e7d) Importer(815301076,1909f56bfc062723c751e8b465ee728b)  -> (artifact id: 'bcfd0f0a5dfb4e419c1e02f2df3ea7c6') in 0.022653 seconds 
  Import took 0.049533 seconds .

========================================================================
Received Import Request.
  Time since last request: 12.544841 seconds.
  path: Assets/ScriptableObjects/Research/lamp 1.asset
  artifactKey: Guid(60376f45b58ae304dba6eae255ba308b) Importer(815301076,1909f56bfc062723c751e8b465ee728b)
Start importing Assets/ScriptableObjects/Research/lamp 1.asset using Guid(60376f45b58ae304dba6eae255ba308b) Importer(815301076,1909f56bfc062723c751e8b465ee728b)  -> (artifact id: 'c919d7dbb8b88f21e08b13614b51d214') in 0.022461 seconds 
  Import took 0.036435 seconds .

========================================================================
Received Import Request.
  Time since last request: 0.708742 seconds.
  path: Assets/ScriptableObjects/Research/lamp 2.asset
  artifactKey: Guid(0073f3cc86e991c46bb3daa7a28033c0) Importer(815301076,1909f56bfc062723c751e8b465ee728b)
Start importing Assets/ScriptableObjects/Research/lamp 2.asset using Guid(0073f3cc86e991c46bb3daa7a28033c0) Importer(815301076,1909f56bfc062723c751e8b465ee728b)  -> (artifact id: '05495d965b67328ad02ae047dd3e324e') in 0.071496 seconds 
  Import took 0.093868 seconds .

========================================================================
Received Import Request.
  Time since last request: 1.541029 seconds.
  path: Assets/ScriptableObjects/Research/lamp 2.asset
  artifactKey: Guid(0073f3cc86e991c46bb3daa7a28033c0) Importer(815301076,1909f56bfc062723c751e8b465ee728b)
Start importing Assets/ScriptableObjects/Research/lamp 2.asset using Guid(0073f3cc86e991c46bb3daa7a28033c0) Importer(815301076,1909f56bfc062723c751e8b465ee728b)  -> (artifact id: 'a905792fcd0ea3ec59d2363f345579b9') in 0.046203 seconds 
  Import took 0.113781 seconds .

========================================================================
Received Import Request.
  Time since last request: 0.370338 seconds.
  path: Assets/ScriptableObjects/Research/lamp 3.asset
  artifactKey: Guid(b62a339afad5665428ed89525abe0473) Importer(815301076,1909f56bfc062723c751e8b465ee728b)
Start importing Assets/ScriptableObjects/Research/lamp 3.asset using Guid(b62a339afad5665428ed89525abe0473) Importer(815301076,1909f56bfc062723c751e8b465ee728b)  -> (artifact id: 'dbaf45d0dfe51e8a56af175badd52b76') in 0.013858 seconds 
  Import took 0.027342 seconds .

========================================================================
Received Import Request.
  Time since last request: 0.198349 seconds.
  path: Assets/ScriptableObjects/Research/lamp 4.asset
  artifactKey: Guid(c6a411cc185f156469e7de5254168a5e) Importer(815301076,1909f56bfc062723c751e8b465ee728b)
Start importing Assets/ScriptableObjects/Research/lamp 4.asset using Guid(c6a411cc185f156469e7de5254168a5e) Importer(815301076,1909f56bfc062723c751e8b465ee728b)  -> (artifact id: '1da452690f8d98cff4f07dbdbfaa8480') in 0.017955 seconds 
  Import took 0.032604 seconds .

========================================================================
Received Import Request.
  Time since last request: 0.000331 seconds.
  path: Assets/ScriptableObjects/Research/lamp 5.asset
  artifactKey: Guid(f44de941286fa8e49bcb5940cfde6e4e) Importer(815301076,1909f56bfc062723c751e8b465ee728b)
Start importing Assets/ScriptableObjects/Research/lamp 5.asset using Guid(f44de941286fa8e49bcb5940cfde6e4e) Importer(815301076,1909f56bfc062723c751e8b465ee728b)  -> (artifact id: 'fb0d46fc6440a25d6b2022536f727b5b') in 0.022545 seconds 
  Import took 0.048231 seconds .

========================================================================
Received Import Request.
  Time since last request: 0.008962 seconds.
  path: Assets/ScriptableObjects/Research/lamp 5.asset
  artifactKey: Guid(f44de941286fa8e49bcb5940cfde6e4e) Importer(815301076,1909f56bfc062723c751e8b465ee728b)
Start importing Assets/ScriptableObjects/Research/lamp 5.asset using Guid(f44de941286fa8e49bcb5940cfde6e4e) Importer(815301076,1909f56bfc062723c751e8b465ee728b)  -> (artifact id: 'fb0d46fc6440a25d6b2022536f727b5b') in 0.017668 seconds 
  Import took 0.031263 seconds .

========================================================================
Received Import Request.
  Time since last request: 14.298988 seconds.
  path: Assets/ScriptableObjects/Research/lamp 1.asset
  artifactKey: Guid(60376f45b58ae304dba6eae255ba308b) Importer(815301076,1909f56bfc062723c751e8b465ee728b)
Start importing Assets/ScriptableObjects/Research/lamp 1.asset using Guid(60376f45b58ae304dba6eae255ba308b) Importer(815301076,1909f56bfc062723c751e8b465ee728b)  -> (artifact id: 'de3a73abd7bbd9e217c83c590234f043') in 0.017975 seconds 
  Import took 0.034043 seconds .

========================================================================
Received Import Request.
  Time since last request: 0.000388 seconds.
  path: Assets/ScriptableObjects/Research/lamp 2.asset
  artifactKey: Guid(0073f3cc86e991c46bb3daa7a28033c0) Importer(815301076,1909f56bfc062723c751e8b465ee728b)
Start importing Assets/ScriptableObjects/Research/lamp 2.asset using Guid(0073f3cc86e991c46bb3daa7a28033c0) Importer(815301076,1909f56bfc062723c751e8b465ee728b)  -> (artifact id: '9d459d3347a8dbb87ec4c654994a7981') in 0.008531 seconds 
  Import took 0.022810 seconds .

========================================================================
Received Import Request.
  Time since last request: 0.000295 seconds.
  path: Assets/ScriptableObjects/Research/lamp 4.asset
  artifactKey: Guid(c6a411cc185f156469e7de5254168a5e) Importer(815301076,1909f56bfc062723c751e8b465ee728b)
Start importing Assets/ScriptableObjects/Research/lamp 4.asset using Guid(c6a411cc185f156469e7de5254168a5e) Importer(815301076,1909f56bfc062723c751e8b465ee728b)  -> (artifact id: '6a522b1ca00e3a149ebc33cf61282bcb') in 0.021678 seconds 
  Import took 0.032849 seconds .

========================================================================
Received Import Request.
  Time since last request: 0.000307 seconds.
  path: Assets/ScriptableObjects/Research/lamp 5.asset
  artifactKey: Guid(f44de941286fa8e49bcb5940cfde6e4e) Importer(815301076,1909f56bfc062723c751e8b465ee728b)
Start importing Assets/ScriptableObjects/Research/lamp 5.asset using Guid(f44de941286fa8e49bcb5940cfde6e4e) Importer(815301076,1909f56bfc062723c751e8b465ee728b)  -> (artifact id: 'c8a221d76375f617d73d21b70483865f') in 0.009141 seconds 
  Import took 0.032873 seconds .

========================================================================
Received Import Request.
  Time since last request: 0.000357 seconds.
  path: Assets/ScriptableObjects/Research/lamp 3.asset
  artifactKey: Guid(b62a339afad5665428ed89525abe0473) Importer(815301076,1909f56bfc062723c751e8b465ee728b)
Start importing Assets/ScriptableObjects/Research/lamp 3.asset using Guid(b62a339afad5665428ed89525abe0473) Importer(815301076,1909f56bfc062723c751e8b465ee728b)  -> (artifact id: '40c391782fb8c80d2ed4f19ae50c012a') in 0.019829 seconds 
  Import took 0.034731 seconds .

========================================================================
Received Import Request.
  Time since last request: 36.319720 seconds.
  path: Assets/ScriptableObjects/Research/Branches/Test.asset
  artifactKey: Guid(983a6f0c43515064d829a7dedae0089d) Importer(815301076,1909f56bfc062723c751e8b465ee728b)
Start importing Assets/ScriptableObjects/Research/Branches/Test.asset using Guid(983a6f0c43515064d829a7dedae0089d) Importer(815301076,1909f56bfc062723c751e8b465ee728b) Serialization depth limit 10 exceeded at 'Branch.researchable'. There may be an object composition cycle in one or more of your serialized classes.

Serialization hierarchy:
11: Branch.researchable
10: Branch.subBranches
9: Branch.subBranches
8: Branch.subBranches
7: Branch.subBranches
6: Branch.subBranches
5: Branch.subBranches
4: Branch.subBranches
3: Branch.subBranches
2: Branch.subBranches
1: Branch.subBranches
0: BranchHandler.branch

Serialization depth limit 10 exceeded at 'Branch.researchable'. There may be an object composition cycle in one or more of your serialized classes.

Serialization hierarchy:
11: Branch.researchable
10: Branch.subBranches
9: Branch.subBranches
8: Branch.subBranches
7: Branch.subBranches
6: Branch.subBranches
5: Branch.subBranches
4: Branch.subBranches
3: Branch.subBranches
2: Branch.subBranches
1: Branch.subBranches
0: Branch.subBranches

 -> (artifact id: 'e3485e06561e77da49f5ce7eada8e8ac') in 0.030170 seconds 
  Import took 0.043885 seconds .

AssetImportWorkerClient::OnTransportError - code=2 error=End of file
