Using pre-set license
Built from '2020.3/staging' branch; Version is '2020.3.25f1 (9b9180224418) revision 10195328'; Using compiler version '192528614'; Build Type 'Release'
OS: 'Windows 10  (10.0.19041) 64bit Professional' Language: 'ru' Physical Memory: 8080 MB
BatchMode: 1, IsHumanControllingUs: 0, StartBugReporterOnCrash: 0, Is64bit: 1, IsPro: 0

COMMAND LINE ARGUMENTS:
C:\Program Files\Unity\Hub\Editor\2020.3.25f1\Editor\Unity.exe
-adb2
-batchMode
-noUpm
-name
AssetImportWorker1
-projectPath
C:/Users/Natalja/Desktop/LastBastion
-logFile
Logs/AssetImportWorker1.log
-srvPort
59550
Successfully changed project path to: C:/Users/Natalja/Desktop/LastBastion
C:/Users/Natalja/Desktop/LastBastion
Using Asset Import Pipeline V2.
Refreshing native plugins compatible for Editor in 224.87 ms, found 3 plugins.
Preloading 0 native plugins for Editor in 0.00 ms.
Initialize engine version: 2020.3.25f1 (9b9180224418)
[Subsystems] Discovering subsystems at path C:/Program Files/Unity/Hub/Editor/2020.3.25f1/Editor/Data/Resources/UnitySubsystems
[Subsystems] Discovering subsystems at path C:/Users/Natalja/Desktop/LastBastion/Assets
GfxDevice: creating device client; threaded=0
Direct3D:
    Version:  Direct3D 11.0 [level 11.1]
    Renderer: Intel(R) HD Graphics 5500 (ID=0x1616)
    Vendor:   
    VRAM:     4040 MB
    Driver:   20.19.15.4835
Initialize mono
Mono path[0] = 'C:/Program Files/Unity/Hub/Editor/2020.3.25f1/Editor/Data/Managed'
Mono path[1] = 'C:/Program Files/Unity/Hub/Editor/2020.3.25f1/Editor/Data/MonoBleedingEdge/lib/mono/unityjit'
Mono config path = 'C:/Program Files/Unity/Hub/Editor/2020.3.25f1/Editor/Data/MonoBleedingEdge/etc'
Using monoOptions --debugger-agent=transport=dt_socket,embedding=1,server=y,suspend=n,address=127.0.0.1:56164
Begin MonoManager ReloadAssembly
Registering precompiled unity dll's ...
Register platform support module: C:/Program Files/Unity/Hub/Editor/2020.3.25f1/Editor/Data/PlaybackEngines/WindowsStandaloneSupport/UnityEditor.WindowsStandalone.Extensions.dll
Registered in 0.006383 seconds.
Native extension for WindowsStandalone target not found
Refreshing native plugins compatible for Editor in 242.02 ms, found 3 plugins.
Preloading 0 native plugins for Editor in 0.00 ms.
Mono: successfully reloaded assembly
- Completed reload, in  1.850 seconds
Domain Reload Profiling:
	ReloadAssembly (1850ms)
		BeginReloadAssembly (157ms)
			ExecutionOrderSort (0ms)
			DisableScriptedObjects (0ms)
			BackupInstance (0ms)
			ReleaseScriptingObjects (0ms)
			CreateAndSetChildDomain (1ms)
		EndReloadAssembly (1535ms)
			LoadAssemblies (154ms)
			RebuildTransferFunctionScriptingTraits (0ms)
			SetupTypeCache (366ms)
			ReleaseScriptCaches (0ms)
			RebuildScriptCaches (56ms)
			SetupLoadedEditorAssemblies (749ms)
				LogAssemblyErrors (0ms)
				InitializePlatformSupportModulesInManaged (8ms)
				SetLoadedEditorAssemblies (0ms)
				RefreshPlugins (242ms)
				BeforeProcessingInitializeOnLoad (126ms)
				ProcessInitializeOnLoadAttributes (255ms)
				ProcessInitializeOnLoadMethodAttributes (116ms)
				AfterProcessingInitializeOnLoad (0ms)
				EditorAssembliesLoaded (0ms)
			ExecutionOrderSort2 (0ms)
			AwakeInstancesAfterBackupRestoration (0ms)
Platform modules already initialized, skipping
Registering precompiled user dll's ...
Registered in 0.014707 seconds.
Begin MonoManager ReloadAssembly
Native extension for WindowsStandalone target not found
Refreshing native plugins compatible for Editor in 135.21 ms, found 3 plugins.
Preloading 0 native plugins for Editor in 0.00 ms.
Mono: successfully reloaded assembly
- Completed reload, in 11.369 seconds
Domain Reload Profiling:
	ReloadAssembly (11374ms)
		BeginReloadAssembly (979ms)
			ExecutionOrderSort (0ms)
			DisableScriptedObjects (8ms)
			BackupInstance (0ms)
			ReleaseScriptingObjects (0ms)
			CreateAndSetChildDomain (109ms)
		EndReloadAssembly (9774ms)
			LoadAssemblies (2299ms)
			RebuildTransferFunctionScriptingTraits (0ms)
			SetupTypeCache (5899ms)
			ReleaseScriptCaches (5ms)
			RebuildScriptCaches (135ms)
			SetupLoadedEditorAssemblies (1039ms)
				LogAssemblyErrors (0ms)
				InitializePlatformSupportModulesInManaged (10ms)
				SetLoadedEditorAssemblies (0ms)
				RefreshPlugins (135ms)
				BeforeProcessingInitializeOnLoad (208ms)
				ProcessInitializeOnLoadAttributes (614ms)
				ProcessInitializeOnLoadMethodAttributes (54ms)
				AfterProcessingInitializeOnLoad (17ms)
				EditorAssembliesLoaded (0ms)
			ExecutionOrderSort2 (0ms)
			AwakeInstancesAfterBackupRestoration (13ms)
Platform modules already initialized, skipping
========================================================================
Worker process is ready to serve import requests
Launched and connected shader compiler UnityShaderCompiler.exe after 0.29 seconds
Refreshing native plugins compatible for Editor in 5.24 ms, found 3 plugins.
Preloading 0 native plugins for Editor in 0.00 ms.
Unloading 3519 Unused Serialized files (Serialized files now loaded: 0)
System memory in use before: 150.4 MB.
System memory in use after: 150.7 MB.

Unloading 29 unused Assets to reduce memory usage. Loaded Objects now: 3952.
Total: 23.124300 ms (FindLiveObjects: 1.253000 ms CreateObjectMapping: 0.594100 ms MarkObjects: 21.212600 ms  DeleteObjects: 0.061300 ms)

AssetImportParameters requested are different than current active one (requested -> active):
  custom:framework-win-MediaFoundation: 216162199b28c13a410421893ffa2e32 -> 
  custom:video-decoder-ogg-theora: a1e56fd34408186e4bbccfd4996cb3dc -> 
  custom:container-muxer-webm: aa71ff27fc2769a1b78a27578f13a17b -> 
  custom:container-demuxer-webm: 4f35f7cbe854078d1ac9338744f61a02 -> 
  custom:container-demuxer-ogg: 62fdf1f143b41e24485cea50d1cbac27 -> 
  custom:video-encoder-webm-vp8: eb34c28f22e8b96e1ab97ce403110664 -> 
  custom:video-decoder-webm-vp8: 9c59270c3fd7afecdb556c50c9e8de78 -> 
  custom:audio-decoder-ogg-vorbis: bf7c407c2cedff20999df2af8eb42d56 -> 
  custom:audio-encoder-webm-vorbis: bf7c407c2cedff20999df2af8eb42d56 -> 
========================================================================
Received Import Request.
  path: Assets/Prefabs/UI.prefab
  artifactKey: Guid(d98e0738758f6634d87f3d788dc98e2f) Importer(815301076,1909f56bfc062723c751e8b465ee728b)
Start importing Assets/Prefabs/UI.prefab using Guid(d98e0738758f6634d87f3d788dc98e2f) Importer(815301076,1909f56bfc062723c751e8b465ee728b)  -> (artifact id: '25105a9decb7e621d5954ebf21e912e9') in 0.561286 seconds 
  Import took 0.587358 seconds .

========================================================================
Received Import Request.
  Time since last request: 283.890968 seconds.
  path: Assets/Prefabs/Lamp.prefab
  artifactKey: Guid(00de0fe054d7cde41a171676a732f78c) Importer(815301076,1909f56bfc062723c751e8b465ee728b)
Start importing Assets/Prefabs/Lamp.prefab using Guid(00de0fe054d7cde41a171676a732f78c) Importer(815301076,1909f56bfc062723c751e8b465ee728b)  -> (artifact id: 'd28d7d75eda297f885051498c3108ad3') in 0.671970 seconds 
  Import took 0.715327 seconds .

========================================================================
Received Import Request.
  Time since last request: 26.027024 seconds.
  path: Assets/Prefabs/Lamp.prefab
  artifactKey: Guid(00de0fe054d7cde41a171676a732f78c) Importer(815301076,1909f56bfc062723c751e8b465ee728b)
Start importing Assets/Prefabs/Lamp.prefab using Guid(00de0fe054d7cde41a171676a732f78c) Importer(815301076,1909f56bfc062723c751e8b465ee728b)  -> (artifact id: '6f5a2dee0f94f1fc660066e4666b69af') in 0.244604 seconds 
  Import took 0.298681 seconds .

========================================================================
Received Import Request.
  Time since last request: 11.345004 seconds.
  path: Assets/Prefabs/Lamp.prefab
  artifactKey: Guid(00de0fe054d7cde41a171676a732f78c) Importer(815301076,1909f56bfc062723c751e8b465ee728b)
Start importing Assets/Prefabs/Lamp.prefab using Guid(00de0fe054d7cde41a171676a732f78c) Importer(815301076,1909f56bfc062723c751e8b465ee728b)  -> (artifact id: '7e91ac8bea31340c60b8d892be3e6afc') in 0.051554 seconds 
  Import took 0.067750 seconds .

========================================================================
Received Import Request.
  Time since last request: 147.600991 seconds.
  path: Assets/Prefabs/Lamp.prefab
  artifactKey: Guid(00de0fe054d7cde41a171676a732f78c) Importer(815301076,1909f56bfc062723c751e8b465ee728b)
Start importing Assets/Prefabs/Lamp.prefab using Guid(00de0fe054d7cde41a171676a732f78c) Importer(815301076,1909f56bfc062723c751e8b465ee728b)  -> (artifact id: 'b3771392e236b4312347715063e042b7') in 0.091308 seconds 
  Import took 0.150925 seconds .

========================================================================
Received Import Request.
  Time since last request: 4.956205 seconds.
  path: Assets/Prefabs/Lamp.prefab
  artifactKey: Guid(00de0fe054d7cde41a171676a732f78c) Importer(815301076,1909f56bfc062723c751e8b465ee728b)
Start importing Assets/Prefabs/Lamp.prefab using Guid(00de0fe054d7cde41a171676a732f78c) Importer(815301076,1909f56bfc062723c751e8b465ee728b)  -> (artifact id: '756a40702b8ce6b1dfd5fb9f40ad54c7') in 0.076425 seconds 
  Import took 0.109924 seconds .

========================================================================
Received Import Request.
  Time since last request: 15.654217 seconds.
  path: Assets/Prefabs/Lamp.prefab
  artifactKey: Guid(00de0fe054d7cde41a171676a732f78c) Importer(815301076,1909f56bfc062723c751e8b465ee728b)
Start importing Assets/Prefabs/Lamp.prefab using Guid(00de0fe054d7cde41a171676a732f78c) Importer(815301076,1909f56bfc062723c751e8b465ee728b)  -> (artifact id: 'b1eec7e38380f5c8c63bf7aae81320e0') in 0.103507 seconds 
  Import took 0.169832 seconds .

========================================================================
Received Import Request.
  Time since last request: 76.115409 seconds.
  path: Assets/Prefabs/Lamp.prefab
  artifactKey: Guid(00de0fe054d7cde41a171676a732f78c) Importer(815301076,1909f56bfc062723c751e8b465ee728b)
Start importing Assets/Prefabs/Lamp.prefab using Guid(00de0fe054d7cde41a171676a732f78c) Importer(815301076,1909f56bfc062723c751e8b465ee728b)  -> (artifact id: '74a659c7c463bdbe2f498290d9049175') in 0.205254 seconds 
  Import took 0.234865 seconds .

========================================================================
Received Import Request.
  Time since last request: 0.904155 seconds.
  path: Assets/Graphics/bastion_floor.png
  artifactKey: Guid(60829bc32e1a77d4eb01c57a3ad7eb3f) Importer(815301076,1909f56bfc062723c751e8b465ee728b)
Start importing Assets/Graphics/bastion_floor.png using Guid(60829bc32e1a77d4eb01c57a3ad7eb3f) Importer(815301076,1909f56bfc062723c751e8b465ee728b)  -> (artifact id: '1910cb0121b3430ccd755d726ffb56b3') in 2.840098 seconds 
  Import took 2.890869 seconds .

========================================================================
Received Import Request.
  Time since last request: 0.000323 seconds.
  path: Assets/Graphics/circle_dropshadow.png
  artifactKey: Guid(f8bb7e0cadeb99c4c9487b6cf78a0f31) Importer(815301076,1909f56bfc062723c751e8b465ee728b)
Start importing Assets/Graphics/circle_dropshadow.png using Guid(f8bb7e0cadeb99c4c9487b6cf78a0f31) Importer(815301076,1909f56bfc062723c751e8b465ee728b)  -> (artifact id: 'aee3820d0230d024fe05d7ab72055514') in 0.065870 seconds 
  Import took 0.156967 seconds .

========================================================================
Received Import Request.
  Time since last request: 0.003488 seconds.
  path: Assets/Graphics/bastion_wall_horizontal.png
  artifactKey: Guid(61325962784394d43b6d69655dbd5663) Importer(815301076,1909f56bfc062723c751e8b465ee728b)
Start importing Assets/Graphics/bastion_wall_horizontal.png using Guid(61325962784394d43b6d69655dbd5663) Importer(815301076,1909f56bfc062723c751e8b465ee728b)  -> (artifact id: 'a3a1622f12df88de6cdc90a44e67a56e') in 0.063049 seconds 
  Import took 0.132446 seconds .

========================================================================
Received Import Request.
  Time since last request: 0.000335 seconds.
  path: Assets/Graphics/mask_circle.png
  artifactKey: Guid(065e59ccf35070247bdeb839826a3f71) Importer(815301076,1909f56bfc062723c751e8b465ee728b)
Start importing Assets/Graphics/mask_circle.png using Guid(065e59ccf35070247bdeb839826a3f71) Importer(815301076,1909f56bfc062723c751e8b465ee728b)  -> (artifact id: '1e929131ad059370b505fdb10ed24f63') in 0.077784 seconds 
  Import took 0.116244 seconds .

========================================================================
Received Import Request.
  Time since last request: 0.000341 seconds.
  path: Assets/Graphics/point_light.png
  artifactKey: Guid(efd03ddaa377a91478b003806626e224) Importer(815301076,1909f56bfc062723c751e8b465ee728b)
Start importing Assets/Graphics/point_light.png using Guid(efd03ddaa377a91478b003806626e224) Importer(815301076,1909f56bfc062723c751e8b465ee728b)  -> (artifact id: '3aea663d1b29339220a7abb5c124a64d') in 0.070625 seconds 
  Import took 0.137685 seconds .

========================================================================
Received Import Request.
  Time since last request: 0.000307 seconds.
  path: Assets/Graphics/square_dropshadow.png
  artifactKey: Guid(215e16822eec3a24192d9f3149ad8a7e) Importer(815301076,1909f56bfc062723c751e8b465ee728b)
Start importing Assets/Graphics/square_dropshadow.png using Guid(215e16822eec3a24192d9f3149ad8a7e) Importer(815301076,1909f56bfc062723c751e8b465ee728b)  -> (artifact id: 'edba004afc6108866aece2f0b213825c') in 0.118751 seconds 
  Import took 0.143472 seconds .

========================================================================
Received Import Request.
  Time since last request: 0.000936 seconds.
  path: Assets/Graphics/bastion_wall_horizontal_emission.png
  artifactKey: Guid(59a4de2c52e8e424b82316d3e3a1c969) Importer(815301076,1909f56bfc062723c751e8b465ee728b)
Start importing Assets/Graphics/bastion_wall_horizontal_emission.png using Guid(59a4de2c52e8e424b82316d3e3a1c969) Importer(815301076,1909f56bfc062723c751e8b465ee728b)  -> (artifact id: 'bcd9bfd680024cd25f677105aba33375') in 0.093539 seconds 
  Import took 0.118156 seconds .

========================================================================
Received Import Request.
  Time since last request: 0.002307 seconds.
  path: Assets/Graphics/landmine.png
  artifactKey: Guid(434c5f25e3921ff4482c3db2610fd134) Importer(815301076,1909f56bfc062723c751e8b465ee728b)
Start importing Assets/Graphics/landmine.png using Guid(434c5f25e3921ff4482c3db2610fd134) Importer(815301076,1909f56bfc062723c751e8b465ee728b)  -> (artifact id: 'ef19aeb6f655ce7da43ad8ca825143a2') in 0.065939 seconds 
  Import took 0.312989 seconds .

========================================================================
Received Import Request.
  Time since last request: 0.003625 seconds.
  path: Assets/Graphics/bastion_floor_emission.png
  artifactKey: Guid(53e3e0e2ba0aa7d498662e2942ac1b13) Importer(815301076,1909f56bfc062723c751e8b465ee728b)
Start importing Assets/Graphics/bastion_floor_emission.png using Guid(53e3e0e2ba0aa7d498662e2942ac1b13) Importer(815301076,1909f56bfc062723c751e8b465ee728b)  -> (artifact id: '0063a9dd046db182db444916e9f4e7af') in 0.081896 seconds 
  Import took 0.139210 seconds .

========================================================================
Received Import Request.
  Time since last request: 0.000438 seconds.
  path: Assets/Graphics/mask.png
  artifactKey: Guid(29d2761a54d89b74d9b46f093cd535b3) Importer(815301076,1909f56bfc062723c751e8b465ee728b)
Start importing Assets/Graphics/mask.png using Guid(29d2761a54d89b74d9b46f093cd535b3) Importer(815301076,1909f56bfc062723c751e8b465ee728b)  -> (artifact id: '1c3c4e2245530575579002ae20bbddec') in 0.047986 seconds 
  Import took 0.125620 seconds .

========================================================================
Received Import Request.
  Time since last request: 0.000403 seconds.
  path: Assets/Graphics/snow.png
  artifactKey: Guid(f76158a16fba0ef499b1005a9bb92a3d) Importer(815301076,1909f56bfc062723c751e8b465ee728b)
Start importing Assets/Graphics/snow.png using Guid(f76158a16fba0ef499b1005a9bb92a3d) Importer(815301076,1909f56bfc062723c751e8b465ee728b)  -> (artifact id: '3f5dfcf3a848425bf9c7ab672afa8e4d') in 0.131166 seconds 
  Import took 0.150286 seconds .

========================================================================
Received Import Request.
  Time since last request: 0.000346 seconds.
  path: Assets/Graphics/capsule_dropshadow.png
  artifactKey: Guid(0ae3a8e5bea6c92458c93e30b1826547) Importer(815301076,1909f56bfc062723c751e8b465ee728b)
Start importing Assets/Graphics/capsule_dropshadow.png using Guid(0ae3a8e5bea6c92458c93e30b1826547) Importer(815301076,1909f56bfc062723c751e8b465ee728b)  -> (artifact id: '3260d498756aa9dee6b0fa341cc95dbd') in 0.477287 seconds 
  Import took 0.538268 seconds .

========================================================================
Received Import Request.
  Time since last request: 9.135976 seconds.
  path: Assets/Graphics/mask_circle.png
  artifactKey: Guid(065e59ccf35070247bdeb839826a3f71) Importer(815301076,1909f56bfc062723c751e8b465ee728b)
Start importing Assets/Graphics/mask_circle.png using Guid(065e59ccf35070247bdeb839826a3f71) Importer(815301076,1909f56bfc062723c751e8b465ee728b)  -> (artifact id: 'fe6ed3b399d3c46103c7c9269c77cbfb') in 0.057367 seconds 
  Import took 0.099497 seconds .

========================================================================
Received Import Request.
  Time since last request: 5.159502 seconds.
  path: Assets/Graphics/point_light.png
  artifactKey: Guid(efd03ddaa377a91478b003806626e224) Importer(815301076,1909f56bfc062723c751e8b465ee728b)
Start importing Assets/Graphics/point_light.png using Guid(efd03ddaa377a91478b003806626e224) Importer(815301076,1909f56bfc062723c751e8b465ee728b)  -> (artifact id: '4cab2c47950700f812a48bddcef51ff6') in 0.063398 seconds 
  Import took 0.080016 seconds .

========================================================================
Received Import Request.
  Time since last request: 2.765050 seconds.
  path: Assets/Graphics/point_light.png
  artifactKey: Guid(efd03ddaa377a91478b003806626e224) Importer(815301076,1909f56bfc062723c751e8b465ee728b)
Start importing Assets/Graphics/point_light.png using Guid(efd03ddaa377a91478b003806626e224) Importer(815301076,1909f56bfc062723c751e8b465ee728b)  -> (artifact id: '42147d9c5e9d3700150325cc27a2893a') in 0.083593 seconds 
  Import took 0.095914 seconds .

========================================================================
Received Import Request.
  Time since last request: 3.857573 seconds.
  path: Assets/Graphics/mask_circle.png
  artifactKey: Guid(065e59ccf35070247bdeb839826a3f71) Importer(815301076,1909f56bfc062723c751e8b465ee728b)
Start importing Assets/Graphics/mask_circle.png using Guid(065e59ccf35070247bdeb839826a3f71) Importer(815301076,1909f56bfc062723c751e8b465ee728b)  -> (artifact id: 'a7cb99b2f56f2f540de53656cf2bb741') in 0.080804 seconds 
  Import took 0.139799 seconds .

========================================================================
Received Import Request.
  Time since last request: 5.682387 seconds.
  path: Assets/Graphics/point_light.png
  artifactKey: Guid(efd03ddaa377a91478b003806626e224) Importer(815301076,1909f56bfc062723c751e8b465ee728b)
Start importing Assets/Graphics/point_light.png using Guid(efd03ddaa377a91478b003806626e224) Importer(815301076,1909f56bfc062723c751e8b465ee728b)  -> (artifact id: 'f7ae625dd77326f5df45d6e88c90e590') in 0.136263 seconds 
  Import took 0.164606 seconds .

========================================================================
Received Prepare
Refreshing native plugins compatible for Editor in 28.42 ms, found 3 plugins.
Preloading 0 native plugins for Editor in 0.00 ms.
Unloading 17 Unused Serialized files (Serialized files now loaded: 0)
System memory in use before: 85.1 MB.
System memory in use after: 85.3 MB.

Unloading 20 unused Assets to reduce memory usage. Loaded Objects now: 4029.
Total: 19.731200 ms (FindLiveObjects: 0.693100 ms CreateObjectMapping: 0.567600 ms MarkObjects: 18.392400 ms  DeleteObjects: 0.074100 ms)

AssetImportParameters requested are different than current active one (requested -> active):
  custom:framework-win-MediaFoundation: 216162199b28c13a410421893ffa2e32 -> 
  custom:video-decoder-ogg-theora: a1e56fd34408186e4bbccfd4996cb3dc -> 
  custom:container-muxer-webm: aa71ff27fc2769a1b78a27578f13a17b -> 
  custom:container-demuxer-webm: 4f35f7cbe854078d1ac9338744f61a02 -> 
  custom:container-demuxer-ogg: 62fdf1f143b41e24485cea50d1cbac27 -> 
  custom:video-encoder-webm-vp8: eb34c28f22e8b96e1ab97ce403110664 -> 
  custom:video-decoder-webm-vp8: 9c59270c3fd7afecdb556c50c9e8de78 -> 
  custom:audio-decoder-ogg-vorbis: bf7c407c2cedff20999df2af8eb42d56 -> 
  custom:audio-encoder-webm-vorbis: bf7c407c2cedff20999df2af8eb42d56 -> 
========================================================================
Received Prepare
Registering precompiled user dll's ...
Registered in 0.413683 seconds.
Begin MonoManager ReloadAssembly
Native extension for WindowsStandalone target not found
Refreshing native plugins compatible for Editor in 3.25 ms, found 3 plugins.
Preloading 0 native plugins for Editor in 0.00 ms.
Mono: successfully reloaded assembly
- Completed reload, in  6.201 seconds
Domain Reload Profiling:
	ReloadAssembly (6219ms)
		BeginReloadAssembly (1294ms)
			ExecutionOrderSort (0ms)
			DisableScriptedObjects (124ms)
			BackupInstance (0ms)
			ReleaseScriptingObjects (0ms)
			CreateAndSetChildDomain (615ms)
		EndReloadAssembly (4743ms)
			LoadAssemblies (369ms)
			RebuildTransferFunctionScriptingTraits (1ms)
			SetupTypeCache (1163ms)
			ReleaseScriptCaches (3ms)
			RebuildScriptCaches (139ms)
			SetupLoadedEditorAssemblies (1252ms)
				LogAssemblyErrors (0ms)
				InitializePlatformSupportModulesInManaged (14ms)
				SetLoadedEditorAssemblies (2ms)
				RefreshPlugins (4ms)
				BeforeProcessingInitializeOnLoad (297ms)
				ProcessInitializeOnLoadAttributes (877ms)
				ProcessInitializeOnLoadMethodAttributes (45ms)
				AfterProcessingInitializeOnLoad (13ms)
				EditorAssembliesLoaded (0ms)
			ExecutionOrderSort2 (0ms)
			AwakeInstancesAfterBackupRestoration (134ms)
Platform modules already initialized, skipping
Switching build target platform(19) subTarget(0) extendedPlatform(0) -> platform(13) subTarget(537395200) extendedPlatform(0)
Refreshing native plugins compatible for Editor in 1.36 ms, found 3 plugins.
Preloading 0 native plugins for Editor in 0.00 ms.
Unloading 3390 Unused Serialized files (Serialized files now loaded: 0)
System memory in use before: 145.9 MB.
System memory in use after: 146.2 MB.

Unloading 19 unused Assets to reduce memory usage. Loaded Objects now: 4010.
Total: 7.541600 ms (FindLiveObjects: 0.566600 ms CreateObjectMapping: 0.366000 ms MarkObjects: 6.566800 ms  DeleteObjects: 0.039700 ms)

AssetImportParameters requested are different than current active one (requested -> active):
  custom:framework-win-MediaFoundation: 216162199b28c13a410421893ffa2e32 -> 
  custom:video-decoder-ogg-theora: a1e56fd34408186e4bbccfd4996cb3dc -> 
  custom:container-muxer-webm: aa71ff27fc2769a1b78a27578f13a17b -> 
  custom:container-demuxer-webm: 4f35f7cbe854078d1ac9338744f61a02 -> 
  custom:container-demuxer-ogg: 62fdf1f143b41e24485cea50d1cbac27 -> 
  custom:video-encoder-webm-vp8: eb34c28f22e8b96e1ab97ce403110664 -> 
  custom:video-decoder-webm-vp8: 9c59270c3fd7afecdb556c50c9e8de78 -> 
  custom:graphics/normal-map-encoding: 01000000000000000000000000000000 -> 02000000000000000000000000000000
  custom:audio-decoder-ogg-vorbis: bf7c407c2cedff20999df2af8eb42d56 -> 
  custom:audio-encoder-webm-vorbis: bf7c407c2cedff20999df2af8eb42d56 -> 
========================================================================
Received Prepare
Registering precompiled user dll's ...
Registered in 0.027328 seconds.
Begin MonoManager ReloadAssembly
Native extension for WindowsStandalone target not found
Refreshing native plugins compatible for Editor in 1.80 ms, found 3 plugins.
Preloading 0 native plugins for Editor in 0.00 ms.
Mono: successfully reloaded assembly
- Completed reload, in  7.645 seconds
Domain Reload Profiling:
	ReloadAssembly (7646ms)
		BeginReloadAssembly (697ms)
			ExecutionOrderSort (0ms)
			DisableScriptedObjects (37ms)
			BackupInstance (0ms)
			ReleaseScriptingObjects (2ms)
			CreateAndSetChildDomain (186ms)
		EndReloadAssembly (6538ms)
			LoadAssemblies (689ms)
			RebuildTransferFunctionScriptingTraits (0ms)
			SetupTypeCache (2344ms)
			ReleaseScriptCaches (3ms)
			RebuildScriptCaches (335ms)
			SetupLoadedEditorAssemblies (2180ms)
				LogAssemblyErrors (0ms)
				InitializePlatformSupportModulesInManaged (20ms)
				SetLoadedEditorAssemblies (7ms)
				RefreshPlugins (2ms)
				BeforeProcessingInitializeOnLoad (674ms)
				ProcessInitializeOnLoadAttributes (1366ms)
				ProcessInitializeOnLoadMethodAttributes (78ms)
				AfterProcessingInitializeOnLoad (33ms)
				EditorAssembliesLoaded (0ms)
			ExecutionOrderSort2 (0ms)
			AwakeInstancesAfterBackupRestoration (117ms)
Platform modules already initialized, skipping
Switching build target platform(19) subTarget(0) extendedPlatform(0) -> platform(13) subTarget(537395200) extendedPlatform(0)
Refreshing native plugins compatible for Editor in 2.26 ms, found 3 plugins.
Preloading 0 native plugins for Editor in 0.00 ms.
Unloading 3390 Unused Serialized files (Serialized files now loaded: 0)
System memory in use before: 146.0 MB.
System memory in use after: 146.2 MB.

Unloading 19 unused Assets to reduce memory usage. Loaded Objects now: 4012.
Total: 27.671200 ms (FindLiveObjects: 10.175100 ms CreateObjectMapping: 1.894000 ms MarkObjects: 15.557400 ms  DeleteObjects: 0.041900 ms)

AssetImportParameters requested are different than current active one (requested -> active):
  custom:framework-win-MediaFoundation: 216162199b28c13a410421893ffa2e32 -> 
  custom:video-decoder-ogg-theora: a1e56fd34408186e4bbccfd4996cb3dc -> 
  custom:container-muxer-webm: aa71ff27fc2769a1b78a27578f13a17b -> 
  custom:container-demuxer-webm: 4f35f7cbe854078d1ac9338744f61a02 -> 
  custom:container-demuxer-ogg: 62fdf1f143b41e24485cea50d1cbac27 -> 
  custom:video-encoder-webm-vp8: eb34c28f22e8b96e1ab97ce403110664 -> 
  custom:video-decoder-webm-vp8: 9c59270c3fd7afecdb556c50c9e8de78 -> 
  custom:graphics/normal-map-encoding: 01000000000000000000000000000000 -> 02000000000000000000000000000000
  custom:audio-decoder-ogg-vorbis: bf7c407c2cedff20999df2af8eb42d56 -> 
  custom:audio-encoder-webm-vorbis: bf7c407c2cedff20999df2af8eb42d56 -> 
========================================================================
Received Prepare
Registering precompiled user dll's ...
Registered in 0.024048 seconds.
Begin MonoManager ReloadAssembly
Native extension for WindowsStandalone target not found
Refreshing native plugins compatible for Editor in 0.94 ms, found 3 plugins.
Preloading 0 native plugins for Editor in 0.00 ms.
Mono: successfully reloaded assembly
- Completed reload, in  3.331 seconds
Domain Reload Profiling:
	ReloadAssembly (3332ms)
		BeginReloadAssembly (300ms)
			ExecutionOrderSort (0ms)
			DisableScriptedObjects (15ms)
			BackupInstance (0ms)
			ReleaseScriptingObjects (0ms)
			CreateAndSetChildDomain (99ms)
		EndReloadAssembly (2808ms)
			LoadAssemblies (304ms)
			RebuildTransferFunctionScriptingTraits (0ms)
			SetupTypeCache (974ms)
			ReleaseScriptCaches (7ms)
			RebuildScriptCaches (118ms)
			SetupLoadedEditorAssemblies (967ms)
				LogAssemblyErrors (0ms)
				InitializePlatformSupportModulesInManaged (12ms)
				SetLoadedEditorAssemblies (2ms)
				RefreshPlugins (1ms)
				BeforeProcessingInitializeOnLoad (328ms)
				ProcessInitializeOnLoadAttributes (580ms)
				ProcessInitializeOnLoadMethodAttributes (30ms)
				AfterProcessingInitializeOnLoad (14ms)
				EditorAssembliesLoaded (1ms)
			ExecutionOrderSort2 (0ms)
			AwakeInstancesAfterBackupRestoration (50ms)
Platform modules already initialized, skipping
Switching build target platform(19) subTarget(0) extendedPlatform(0) -> platform(13) subTarget(537395200) extendedPlatform(0)
Refreshing native plugins compatible for Editor in 0.90 ms, found 3 plugins.
Preloading 0 native plugins for Editor in 0.00 ms.
Unloading 3390 Unused Serialized files (Serialized files now loaded: 0)
System memory in use before: 146.0 MB.
System memory in use after: 146.3 MB.

Unloading 19 unused Assets to reduce memory usage. Loaded Objects now: 4014.
Total: 8.030300 ms (FindLiveObjects: 0.951300 ms CreateObjectMapping: 0.676700 ms MarkObjects: 6.363900 ms  DeleteObjects: 0.035500 ms)

AssetImportParameters requested are different than current active one (requested -> active):
  custom:framework-win-MediaFoundation: 216162199b28c13a410421893ffa2e32 -> 
  custom:video-decoder-ogg-theora: a1e56fd34408186e4bbccfd4996cb3dc -> 
  custom:container-muxer-webm: aa71ff27fc2769a1b78a27578f13a17b -> 
  custom:container-demuxer-webm: 4f35f7cbe854078d1ac9338744f61a02 -> 
  custom:container-demuxer-ogg: 62fdf1f143b41e24485cea50d1cbac27 -> 
  custom:video-encoder-webm-vp8: eb34c28f22e8b96e1ab97ce403110664 -> 
  custom:video-decoder-webm-vp8: 9c59270c3fd7afecdb556c50c9e8de78 -> 
  custom:graphics/normal-map-encoding: 01000000000000000000000000000000 -> 02000000000000000000000000000000
  custom:audio-decoder-ogg-vorbis: bf7c407c2cedff20999df2af8eb42d56 -> 
  custom:audio-encoder-webm-vorbis: bf7c407c2cedff20999df2af8eb42d56 -> 
========================================================================
Received Prepare
Registering precompiled user dll's ...
Registered in 0.012636 seconds.
Begin MonoManager ReloadAssembly
Native extension for WindowsStandalone target not found
Refreshing native plugins compatible for Editor in 1.70 ms, found 3 plugins.
Preloading 0 native plugins for Editor in 0.00 ms.
Mono: successfully reloaded assembly
- Completed reload, in  4.406 seconds
Domain Reload Profiling:
	ReloadAssembly (4407ms)
		BeginReloadAssembly (181ms)
			ExecutionOrderSort (0ms)
			DisableScriptedObjects (8ms)
			BackupInstance (0ms)
			ReleaseScriptingObjects (0ms)
			CreateAndSetChildDomain (68ms)
		EndReloadAssembly (4127ms)
			LoadAssemblies (150ms)
			RebuildTransferFunctionScriptingTraits (0ms)
			SetupTypeCache (1357ms)
			ReleaseScriptCaches (5ms)
			RebuildScriptCaches (196ms)
			SetupLoadedEditorAssemblies (1586ms)
				LogAssemblyErrors (0ms)
				InitializePlatformSupportModulesInManaged (8ms)
				SetLoadedEditorAssemblies (1ms)
				RefreshPlugins (2ms)
				BeforeProcessingInitializeOnLoad (878ms)
				ProcessInitializeOnLoadAttributes (654ms)
				ProcessInitializeOnLoadMethodAttributes (29ms)
				AfterProcessingInitializeOnLoad (14ms)
				EditorAssembliesLoaded (0ms)
			ExecutionOrderSort2 (0ms)
			AwakeInstancesAfterBackupRestoration (36ms)
Platform modules already initialized, skipping
Switching build target platform(19) subTarget(0) extendedPlatform(0) -> platform(13) subTarget(537395200) extendedPlatform(0)
Refreshing native plugins compatible for Editor in 1.31 ms, found 3 plugins.
Preloading 0 native plugins for Editor in 0.00 ms.
Unloading 3390 Unused Serialized files (Serialized files now loaded: 0)
System memory in use before: 146.0 MB.
System memory in use after: 146.3 MB.

Unloading 19 unused Assets to reduce memory usage. Loaded Objects now: 4016.
Total: 5.384600 ms (FindLiveObjects: 0.472800 ms CreateObjectMapping: 0.332800 ms MarkObjects: 4.549100 ms  DeleteObjects: 0.028500 ms)

AssetImportParameters requested are different than current active one (requested -> active):
  custom:framework-win-MediaFoundation: 216162199b28c13a410421893ffa2e32 -> 
  custom:video-decoder-ogg-theora: a1e56fd34408186e4bbccfd4996cb3dc -> 
  custom:container-muxer-webm: aa71ff27fc2769a1b78a27578f13a17b -> 
  custom:container-demuxer-webm: 4f35f7cbe854078d1ac9338744f61a02 -> 
  custom:container-demuxer-ogg: 62fdf1f143b41e24485cea50d1cbac27 -> 
  custom:video-encoder-webm-vp8: eb34c28f22e8b96e1ab97ce403110664 -> 
  custom:video-decoder-webm-vp8: 9c59270c3fd7afecdb556c50c9e8de78 -> 
  custom:graphics/normal-map-encoding: 01000000000000000000000000000000 -> 02000000000000000000000000000000
  custom:audio-decoder-ogg-vorbis: bf7c407c2cedff20999df2af8eb42d56 -> 
  custom:audio-encoder-webm-vorbis: bf7c407c2cedff20999df2af8eb42d56 -> 
========================================================================
Received Prepare
Registering precompiled user dll's ...
Registered in 0.020475 seconds.
Begin MonoManager ReloadAssembly
Native extension for WindowsStandalone target not found
Refreshing native plugins compatible for Editor in 0.95 ms, found 3 plugins.
Preloading 0 native plugins for Editor in 0.00 ms.
Mono: successfully reloaded assembly
- Completed reload, in  1.983 seconds
Domain Reload Profiling:
	ReloadAssembly (1989ms)
		BeginReloadAssembly (258ms)
			ExecutionOrderSort (0ms)
			DisableScriptedObjects (39ms)
			BackupInstance (0ms)
			ReleaseScriptingObjects (0ms)
			CreateAndSetChildDomain (67ms)
		EndReloadAssembly (1623ms)
			LoadAssemblies (188ms)
			RebuildTransferFunctionScriptingTraits (0ms)
			SetupTypeCache (558ms)
			ReleaseScriptCaches (2ms)
			RebuildScriptCaches (85ms)
			SetupLoadedEditorAssemblies (510ms)
				LogAssemblyErrors (0ms)
				InitializePlatformSupportModulesInManaged (5ms)
				SetLoadedEditorAssemblies (1ms)
				RefreshPlugins (1ms)
				BeforeProcessingInitializeOnLoad (146ms)
				ProcessInitializeOnLoadAttributes (331ms)
				ProcessInitializeOnLoadMethodAttributes (17ms)
				AfterProcessingInitializeOnLoad (9ms)
				EditorAssembliesLoaded (0ms)
			ExecutionOrderSort2 (0ms)
			AwakeInstancesAfterBackupRestoration (31ms)
Platform modules already initialized, skipping
Switching build target platform(19) subTarget(0) extendedPlatform(0) -> platform(13) subTarget(537395200) extendedPlatform(0)
Refreshing native plugins compatible for Editor in 0.79 ms, found 3 plugins.
Preloading 0 native plugins for Editor in 0.00 ms.
Unloading 3390 Unused Serialized files (Serialized files now loaded: 0)
System memory in use before: 146.0 MB.
System memory in use after: 146.3 MB.

Unloading 19 unused Assets to reduce memory usage. Loaded Objects now: 4018.
Total: 4.895900 ms (FindLiveObjects: 0.335600 ms CreateObjectMapping: 0.172300 ms MarkObjects: 4.353900 ms  DeleteObjects: 0.032300 ms)

AssetImportParameters requested are different than current active one (requested -> active):
  custom:framework-win-MediaFoundation: 216162199b28c13a410421893ffa2e32 -> 
  custom:video-decoder-ogg-theora: a1e56fd34408186e4bbccfd4996cb3dc -> 
  custom:container-muxer-webm: aa71ff27fc2769a1b78a27578f13a17b -> 
  custom:container-demuxer-webm: 4f35f7cbe854078d1ac9338744f61a02 -> 
  custom:container-demuxer-ogg: 62fdf1f143b41e24485cea50d1cbac27 -> 
  custom:video-encoder-webm-vp8: eb34c28f22e8b96e1ab97ce403110664 -> 
  custom:video-decoder-webm-vp8: 9c59270c3fd7afecdb556c50c9e8de78 -> 
  custom:graphics/normal-map-encoding: 01000000000000000000000000000000 -> 02000000000000000000000000000000
  custom:audio-decoder-ogg-vorbis: bf7c407c2cedff20999df2af8eb42d56 -> 
  custom:audio-encoder-webm-vorbis: bf7c407c2cedff20999df2af8eb42d56 -> 
========================================================================
Received Prepare
Registering precompiled user dll's ...
Registered in 0.016089 seconds.
Begin MonoManager ReloadAssembly
Native extension for WindowsStandalone target not found
Refreshing native plugins compatible for Editor in 2.04 ms, found 3 plugins.
Preloading 0 native plugins for Editor in 0.00 ms.
Mono: successfully reloaded assembly
- Completed reload, in  2.939 seconds
Domain Reload Profiling:
	ReloadAssembly (2941ms)
		BeginReloadAssembly (229ms)
			ExecutionOrderSort (0ms)
			DisableScriptedObjects (13ms)
			BackupInstance (0ms)
			ReleaseScriptingObjects (0ms)
			CreateAndSetChildDomain (75ms)
		EndReloadAssembly (2575ms)
			LoadAssemblies (229ms)
			RebuildTransferFunctionScriptingTraits (0ms)
			SetupTypeCache (993ms)
			ReleaseScriptCaches (3ms)
			RebuildScriptCaches (120ms)
			SetupLoadedEditorAssemblies (709ms)
				LogAssemblyErrors (0ms)
				InitializePlatformSupportModulesInManaged (6ms)
				SetLoadedEditorAssemblies (1ms)
				RefreshPlugins (2ms)
				BeforeProcessingInitializeOnLoad (210ms)
				ProcessInitializeOnLoadAttributes (450ms)
				ProcessInitializeOnLoadMethodAttributes (28ms)
				AfterProcessingInitializeOnLoad (12ms)
				EditorAssembliesLoaded (0ms)
			ExecutionOrderSort2 (0ms)
			AwakeInstancesAfterBackupRestoration (45ms)
Platform modules already initialized, skipping
Switching build target platform(19) subTarget(0) extendedPlatform(0) -> platform(13) subTarget(537395200) extendedPlatform(0)
Refreshing native plugins compatible for Editor in 1.56 ms, found 3 plugins.
Preloading 0 native plugins for Editor in 0.00 ms.
Unloading 3390 Unused Serialized files (Serialized files now loaded: 0)
System memory in use before: 146.1 MB.
System memory in use after: 146.3 MB.

Unloading 19 unused Assets to reduce memory usage. Loaded Objects now: 4020.
Total: 20.641900 ms (FindLiveObjects: 5.010100 ms CreateObjectMapping: 0.637400 ms MarkObjects: 14.954800 ms  DeleteObjects: 0.036800 ms)

AssetImportParameters requested are different than current active one (requested -> active):
  custom:framework-win-MediaFoundation: 216162199b28c13a410421893ffa2e32 -> 
  custom:video-decoder-ogg-theora: a1e56fd34408186e4bbccfd4996cb3dc -> 
  custom:container-muxer-webm: aa71ff27fc2769a1b78a27578f13a17b -> 
  custom:container-demuxer-webm: 4f35f7cbe854078d1ac9338744f61a02 -> 
  custom:container-demuxer-ogg: 62fdf1f143b41e24485cea50d1cbac27 -> 
  custom:video-encoder-webm-vp8: eb34c28f22e8b96e1ab97ce403110664 -> 
  custom:video-decoder-webm-vp8: 9c59270c3fd7afecdb556c50c9e8de78 -> 
  custom:graphics/normal-map-encoding: 01000000000000000000000000000000 -> 02000000000000000000000000000000
  custom:audio-decoder-ogg-vorbis: bf7c407c2cedff20999df2af8eb42d56 -> 
  custom:audio-encoder-webm-vorbis: bf7c407c2cedff20999df2af8eb42d56 -> 
========================================================================
Received Prepare
Registering precompiled user dll's ...
Registered in 0.015495 seconds.
Begin MonoManager ReloadAssembly
Native extension for WindowsStandalone target not found
Refreshing native plugins compatible for Editor in 1.38 ms, found 3 plugins.
Preloading 0 native plugins for Editor in 0.00 ms.
Mono: successfully reloaded assembly
- Completed reload, in  2.385 seconds
Domain Reload Profiling:
	ReloadAssembly (2386ms)
		BeginReloadAssembly (204ms)
			ExecutionOrderSort (0ms)
			DisableScriptedObjects (11ms)
			BackupInstance (0ms)
			ReleaseScriptingObjects (0ms)
			CreateAndSetChildDomain (56ms)
		EndReloadAssembly (2052ms)
			LoadAssemblies (176ms)
			RebuildTransferFunctionScriptingTraits (0ms)
			SetupTypeCache (617ms)
			ReleaseScriptCaches (2ms)
			RebuildScriptCaches (82ms)
			SetupLoadedEditorAssemblies (770ms)
				LogAssemblyErrors (0ms)
				InitializePlatformSupportModulesInManaged (8ms)
				SetLoadedEditorAssemblies (1ms)
				RefreshPlugins (2ms)
				BeforeProcessingInitializeOnLoad (156ms)
				ProcessInitializeOnLoadAttributes (547ms)
				ProcessInitializeOnLoadMethodAttributes (43ms)
				AfterProcessingInitializeOnLoad (12ms)
				EditorAssembliesLoaded (0ms)
			ExecutionOrderSort2 (0ms)
			AwakeInstancesAfterBackupRestoration (40ms)
Platform modules already initialized, skipping
Switching build target platform(19) subTarget(0) extendedPlatform(0) -> platform(13) subTarget(537395200) extendedPlatform(0)
Refreshing native plugins compatible for Editor in 0.81 ms, found 3 plugins.
Preloading 0 native plugins for Editor in 0.00 ms.
Unloading 3390 Unused Serialized files (Serialized files now loaded: 0)
System memory in use before: 146.1 MB.
System memory in use after: 146.3 MB.

Unloading 19 unused Assets to reduce memory usage. Loaded Objects now: 4022.
Total: 6.173800 ms (FindLiveObjects: 0.433500 ms CreateObjectMapping: 0.195400 ms MarkObjects: 5.513400 ms  DeleteObjects: 0.029400 ms)

AssetImportParameters requested are different than current active one (requested -> active):
  custom:framework-win-MediaFoundation: 216162199b28c13a410421893ffa2e32 -> 
  custom:video-decoder-ogg-theora: a1e56fd34408186e4bbccfd4996cb3dc -> 
  custom:container-muxer-webm: aa71ff27fc2769a1b78a27578f13a17b -> 
  custom:container-demuxer-webm: 4f35f7cbe854078d1ac9338744f61a02 -> 
  custom:container-demuxer-ogg: 62fdf1f143b41e24485cea50d1cbac27 -> 
  custom:video-encoder-webm-vp8: eb34c28f22e8b96e1ab97ce403110664 -> 
  custom:video-decoder-webm-vp8: 9c59270c3fd7afecdb556c50c9e8de78 -> 
  custom:graphics/normal-map-encoding: 01000000000000000000000000000000 -> 02000000000000000000000000000000
  custom:audio-decoder-ogg-vorbis: bf7c407c2cedff20999df2af8eb42d56 -> 
  custom:audio-encoder-webm-vorbis: bf7c407c2cedff20999df2af8eb42d56 -> 
========================================================================
Received Prepare
Registering precompiled user dll's ...
Registered in 0.023291 seconds.
Begin MonoManager ReloadAssembly
Native extension for WindowsStandalone target not found
Refreshing native plugins compatible for Editor in 0.94 ms, found 3 plugins.
Preloading 0 native plugins for Editor in 0.00 ms.
Mono: successfully reloaded assembly
- Completed reload, in  2.098 seconds
Domain Reload Profiling:
	ReloadAssembly (2100ms)
		BeginReloadAssembly (196ms)
			ExecutionOrderSort (0ms)
			DisableScriptedObjects (13ms)
			BackupInstance (0ms)
			ReleaseScriptingObjects (0ms)
			CreateAndSetChildDomain (69ms)
		EndReloadAssembly (1800ms)
			LoadAssemblies (191ms)
			RebuildTransferFunctionScriptingTraits (0ms)
			SetupTypeCache (603ms)
			ReleaseScriptCaches (2ms)
			RebuildScriptCaches (74ms)
			SetupLoadedEditorAssemblies (599ms)
				LogAssemblyErrors (0ms)
				InitializePlatformSupportModulesInManaged (5ms)
				SetLoadedEditorAssemblies (1ms)
				RefreshPlugins (1ms)
				BeforeProcessingInitializeOnLoad (160ms)
				ProcessInitializeOnLoadAttributes (399ms)
				ProcessInitializeOnLoadMethodAttributes (22ms)
				AfterProcessingInitializeOnLoad (11ms)
				EditorAssembliesLoaded (0ms)
			ExecutionOrderSort2 (0ms)
			AwakeInstancesAfterBackupRestoration (32ms)
Platform modules already initialized, skipping
Switching build target platform(19) subTarget(0) extendedPlatform(0) -> platform(13) subTarget(537395200) extendedPlatform(0)
Refreshing native plugins compatible for Editor in 1.25 ms, found 3 plugins.
Preloading 0 native plugins for Editor in 0.00 ms.
Unloading 3390 Unused Serialized files (Serialized files now loaded: 0)
System memory in use before: 146.1 MB.
System memory in use after: 146.3 MB.

Unloading 19 unused Assets to reduce memory usage. Loaded Objects now: 4024.
Total: 5.726200 ms (FindLiveObjects: 0.318000 ms CreateObjectMapping: 0.181700 ms MarkObjects: 5.186600 ms  DeleteObjects: 0.038000 ms)

AssetImportParameters requested are different than current active one (requested -> active):
  custom:framework-win-MediaFoundation: 216162199b28c13a410421893ffa2e32 -> 
  custom:video-decoder-ogg-theora: a1e56fd34408186e4bbccfd4996cb3dc -> 
  custom:container-muxer-webm: aa71ff27fc2769a1b78a27578f13a17b -> 
  custom:container-demuxer-webm: 4f35f7cbe854078d1ac9338744f61a02 -> 
  custom:container-demuxer-ogg: 62fdf1f143b41e24485cea50d1cbac27 -> 
  custom:video-encoder-webm-vp8: eb34c28f22e8b96e1ab97ce403110664 -> 
  custom:video-decoder-webm-vp8: 9c59270c3fd7afecdb556c50c9e8de78 -> 
  custom:graphics/normal-map-encoding: 01000000000000000000000000000000 -> 02000000000000000000000000000000
  custom:audio-decoder-ogg-vorbis: bf7c407c2cedff20999df2af8eb42d56 -> 
  custom:audio-encoder-webm-vorbis: bf7c407c2cedff20999df2af8eb42d56 -> 
AssetImportWorkerClient::OnTransportError - code=2 error=End of file
